{"D:\\4work\\Yandex\\stellar-burger\\src\\services\\root-reducer\\root-reducer.ts": {"path":"D:\\4work\\Yandex\\stellar-burger\\src\\services\\root-reducer\\root-reducer.ts","all":false,"statementMap":{"0":{"start":{"line":1,"column":0},"end":{"line":1,"column":51}},"1":{"start":{"line":2,"column":0},"end":{"line":2,"column":57}},"2":{"start":{"line":3,"column":0},"end":{"line":3,"column":78}},"3":{"start":{"line":4,"column":0},"end":{"line":4,"column":63}},"4":{"start":{"line":5,"column":0},"end":{"line":5,"column":57}},"5":{"start":{"line":6,"column":0},"end":{"line":6,"column":0}},"6":{"start":{"line":7,"column":0},"end":{"line":7,"column":37}},"7":{"start":{"line":8,"column":0},"end":{"line":8,"column":20}},"8":{"start":{"line":9,"column":0},"end":{"line":9,"column":34}},"9":{"start":{"line":10,"column":0},"end":{"line":10,"column":24}},"10":{"start":{"line":11,"column":0},"end":{"line":11,"column":19}},"11":{"start":{"line":12,"column":0},"end":{"line":12,"column":3}},"12":{"start":{"line":13,"column":0},"end":{"line":13,"column":0}},"13":{"start":{"line":14,"column":0},"end":{"line":14,"column":27}}},"s":{"0":1,"1":1,"2":1,"3":1,"4":1,"5":1,"6":1,"7":1,"8":1,"9":1,"10":1,"11":1,"12":1,"13":1},"branchMap":{},"b":{},"fnMap":{},"f":{}}
,"D:\\4work\\Yandex\\stellar-burger\\src\\services\\slices\\authSlice\\auth-slice.ts": {"path":"D:\\4work\\Yandex\\stellar-burger\\src\\services\\slices\\authSlice\\auth-slice.ts","all":false,"statementMap":{"0":{"start":{"line":1,"column":0},"end":{"line":1,"column":80}},"1":{"start":{"line":2,"column":0},"end":{"line":2,"column":8}},"2":{"start":{"line":3,"column":0},"end":{"line":3,"column":15}},"3":{"start":{"line":4,"column":0},"end":{"line":4,"column":18}},"4":{"start":{"line":5,"column":0},"end":{"line":5,"column":12}},"5":{"start":{"line":6,"column":0},"end":{"line":6,"column":13}},"6":{"start":{"line":7,"column":0},"end":{"line":7,"column":15}},"7":{"start":{"line":8,"column":0},"end":{"line":8,"column":15}},"8":{"start":{"line":9,"column":0},"end":{"line":9,"column":35}},"9":{"start":{"line":10,"column":0},"end":{"line":10,"column":64}},"10":{"start":{"line":11,"column":0},"end":{"line":11,"column":0}},"11":{"start":{"line":12,"column":0},"end":{"line":12,"column":16}},"12":{"start":{"line":13,"column":0},"end":{"line":13,"column":16}},"13":{"start":{"line":14,"column":0},"end":{"line":14,"column":15}},"14":{"start":{"line":15,"column":0},"end":{"line":15,"column":1}},"15":{"start":{"line":16,"column":0},"end":{"line":16,"column":0}},"16":{"start":{"line":17,"column":0},"end":{"line":17,"column":28}},"17":{"start":{"line":18,"column":0},"end":{"line":18,"column":27}},"18":{"start":{"line":19,"column":0},"end":{"line":19,"column":20}},"19":{"start":{"line":20,"column":0},"end":{"line":20,"column":23}},"20":{"start":{"line":21,"column":0},"end":{"line":21,"column":19}},"21":{"start":{"line":22,"column":0},"end":{"line":22,"column":19}},"22":{"start":{"line":23,"column":0},"end":{"line":23,"column":1}},"23":{"start":{"line":24,"column":0},"end":{"line":24,"column":0}},"24":{"start":{"line":25,"column":0},"end":{"line":25,"column":33}},"25":{"start":{"line":26,"column":0},"end":{"line":26,"column":25}},"26":{"start":{"line":27,"column":0},"end":{"line":27,"column":13}},"27":{"start":{"line":28,"column":0},"end":{"line":28,"column":14}},"28":{"start":{"line":29,"column":0},"end":{"line":29,"column":17}},"29":{"start":{"line":30,"column":0},"end":{"line":30,"column":16}},"30":{"start":{"line":31,"column":0},"end":{"line":31,"column":2}},"31":{"start":{"line":32,"column":0},"end":{"line":32,"column":0}},"32":{"start":{"line":33,"column":0},"end":{"line":33,"column":42}},"33":{"start":{"line":34,"column":0},"end":{"line":34,"column":7}},"34":{"start":{"line":35,"column":0},"end":{"line":35,"column":38}},"35":{"start":{"line":36,"column":0},"end":{"line":36,"column":25}},"36":{"start":{"line":37,"column":0},"end":{"line":37,"column":58}},"37":{"start":{"line":38,"column":0},"end":{"line":38,"column":7}},"38":{"start":{"line":39,"column":0},"end":{"line":39,"column":41}},"39":{"start":{"line":40,"column":0},"end":{"line":40,"column":59}},"40":{"start":{"line":41,"column":0},"end":{"line":41,"column":61}},"41":{"start":{"line":42,"column":0},"end":{"line":42,"column":20}},"42":{"start":{"line":43,"column":0},"end":{"line":43,"column":22}},"43":{"start":{"line":44,"column":0},"end":{"line":44,"column":58}},"44":{"start":{"line":45,"column":0},"end":{"line":45,"column":3}},"45":{"start":{"line":46,"column":0},"end":{"line":46,"column":3}},"46":{"start":{"line":47,"column":0},"end":{"line":47,"column":0}},"47":{"start":{"line":48,"column":0},"end":{"line":48,"column":43}},"48":{"start":{"line":49,"column":0},"end":{"line":49,"column":7}},"49":{"start":{"line":50,"column":0},"end":{"line":50,"column":61}},"50":{"start":{"line":51,"column":0},"end":{"line":51,"column":25}},"51":{"start":{"line":52,"column":0},"end":{"line":52,"column":59}},"52":{"start":{"line":53,"column":0},"end":{"line":53,"column":7}},"53":{"start":{"line":54,"column":0},"end":{"line":54,"column":42}},"54":{"start":{"line":55,"column":0},"end":{"line":55,"column":20}},"55":{"start":{"line":56,"column":0},"end":{"line":56,"column":22}},"56":{"start":{"line":57,"column":0},"end":{"line":57,"column":70}},"57":{"start":{"line":58,"column":0},"end":{"line":58,"column":3}},"58":{"start":{"line":59,"column":0},"end":{"line":59,"column":3}},"59":{"start":{"line":60,"column":0},"end":{"line":60,"column":0}},"60":{"start":{"line":61,"column":0},"end":{"line":61,"column":45}},"61":{"start":{"line":62,"column":0},"end":{"line":62,"column":7}},"62":{"start":{"line":63,"column":0},"end":{"line":63,"column":52}},"63":{"start":{"line":64,"column":0},"end":{"line":64,"column":25}},"64":{"start":{"line":65,"column":0},"end":{"line":65,"column":61}},"65":{"start":{"line":66,"column":0},"end":{"line":66,"column":7}},"66":{"start":{"line":67,"column":0},"end":{"line":67,"column":44}},"67":{"start":{"line":68,"column":0},"end":{"line":68,"column":59}},"68":{"start":{"line":69,"column":0},"end":{"line":69,"column":61}},"69":{"start":{"line":70,"column":0},"end":{"line":70,"column":20}},"70":{"start":{"line":71,"column":0},"end":{"line":71,"column":22}},"71":{"start":{"line":72,"column":0},"end":{"line":72,"column":64}},"72":{"start":{"line":73,"column":0},"end":{"line":73,"column":3}},"73":{"start":{"line":74,"column":0},"end":{"line":74,"column":3}},"74":{"start":{"line":75,"column":0},"end":{"line":75,"column":0}},"75":{"start":{"line":76,"column":0},"end":{"line":76,"column":80}},"76":{"start":{"line":77,"column":0},"end":{"line":77,"column":20}},"77":{"start":{"line":78,"column":0},"end":{"line":78,"column":37}},"78":{"start":{"line":79,"column":0},"end":{"line":79,"column":9}},"79":{"start":{"line":80,"column":0},"end":{"line":80,"column":24}},"80":{"start":{"line":81,"column":0},"end":{"line":81,"column":46}},"81":{"start":{"line":82,"column":0},"end":{"line":82,"column":34}},"82":{"start":{"line":83,"column":0},"end":{"line":83,"column":24}},"83":{"start":{"line":84,"column":0},"end":{"line":84,"column":61}},"84":{"start":{"line":85,"column":0},"end":{"line":85,"column":5}},"85":{"start":{"line":86,"column":0},"end":{"line":86,"column":3}},"86":{"start":{"line":87,"column":0},"end":{"line":87,"column":2}},"87":{"start":{"line":88,"column":0},"end":{"line":88,"column":0}},"88":{"start":{"line":89,"column":0},"end":{"line":89,"column":79}},"89":{"start":{"line":90,"column":0},"end":{"line":90,"column":19}},"90":{"start":{"line":91,"column":0},"end":{"line":91,"column":37}},"91":{"start":{"line":92,"column":0},"end":{"line":92,"column":9}},"92":{"start":{"line":93,"column":0},"end":{"line":93,"column":37}},"93":{"start":{"line":94,"column":0},"end":{"line":94,"column":22}},"94":{"start":{"line":95,"column":0},"end":{"line":95,"column":24}},"95":{"start":{"line":96,"column":0},"end":{"line":96,"column":42}},"96":{"start":{"line":97,"column":0},"end":{"line":97,"column":29}},"97":{"start":{"line":98,"column":0},"end":{"line":98,"column":40}},"98":{"start":{"line":99,"column":0},"end":{"line":99,"column":25}},"99":{"start":{"line":100,"column":0},"end":{"line":100,"column":7}},"100":{"start":{"line":101,"column":0},"end":{"line":101,"column":71}},"101":{"start":{"line":102,"column":0},"end":{"line":102,"column":5}},"102":{"start":{"line":103,"column":0},"end":{"line":103,"column":3}},"103":{"start":{"line":104,"column":0},"end":{"line":104,"column":2}},"104":{"start":{"line":105,"column":0},"end":{"line":105,"column":0}},"105":{"start":{"line":106,"column":0},"end":{"line":106,"column":31}},"106":{"start":{"line":107,"column":0},"end":{"line":107,"column":15}},"107":{"start":{"line":108,"column":0},"end":{"line":108,"column":15}},"108":{"start":{"line":109,"column":0},"end":{"line":109,"column":13}},"109":{"start":{"line":110,"column":0},"end":{"line":110,"column":22}},"110":{"start":{"line":111,"column":0},"end":{"line":111,"column":24}},"111":{"start":{"line":112,"column":0},"end":{"line":112,"column":36}},"112":{"start":{"line":113,"column":0},"end":{"line":113,"column":25}},"113":{"start":{"line":114,"column":0},"end":{"line":114,"column":28}},"114":{"start":{"line":115,"column":0},"end":{"line":115,"column":5}},"115":{"start":{"line":116,"column":0},"end":{"line":116,"column":4}},"116":{"start":{"line":117,"column":0},"end":{"line":117,"column":31}},"117":{"start":{"line":118,"column":0},"end":{"line":118,"column":11}},"118":{"start":{"line":119,"column":0},"end":{"line":119,"column":42}},"119":{"start":{"line":120,"column":0},"end":{"line":120,"column":25}},"120":{"start":{"line":121,"column":0},"end":{"line":121,"column":23}},"121":{"start":{"line":122,"column":0},"end":{"line":122,"column":8}},"122":{"start":{"line":123,"column":0},"end":{"line":123,"column":47}},"123":{"start":{"line":124,"column":0},"end":{"line":124,"column":26}},"124":{"start":{"line":125,"column":0},"end":{"line":125,"column":27}},"125":{"start":{"line":126,"column":0},"end":{"line":126,"column":33}},"126":{"start":{"line":127,"column":0},"end":{"line":127,"column":8}},"127":{"start":{"line":128,"column":0},"end":{"line":128,"column":46}},"128":{"start":{"line":129,"column":0},"end":{"line":129,"column":26}},"129":{"start":{"line":130,"column":0},"end":{"line":130,"column":29}},"130":{"start":{"line":131,"column":0},"end":{"line":131,"column":8}},"131":{"start":{"line":132,"column":0},"end":{"line":132,"column":50}},"132":{"start":{"line":133,"column":0},"end":{"line":133,"column":27}},"133":{"start":{"line":134,"column":0},"end":{"line":134,"column":33}},"134":{"start":{"line":135,"column":0},"end":{"line":135,"column":8}},"135":{"start":{"line":136,"column":0},"end":{"line":136,"column":49}},"136":{"start":{"line":137,"column":0},"end":{"line":137,"column":29}},"137":{"start":{"line":138,"column":0},"end":{"line":138,"column":8}},"138":{"start":{"line":139,"column":0},"end":{"line":139,"column":45}},"139":{"start":{"line":140,"column":0},"end":{"line":140,"column":22}},"140":{"start":{"line":141,"column":0},"end":{"line":141,"column":34}},"141":{"start":{"line":142,"column":0},"end":{"line":142,"column":8}},"142":{"start":{"line":143,"column":0},"end":{"line":143,"column":47}},"143":{"start":{"line":144,"column":0},"end":{"line":144,"column":27}},"144":{"start":{"line":145,"column":0},"end":{"line":145,"column":33}},"145":{"start":{"line":146,"column":0},"end":{"line":146,"column":25}},"146":{"start":{"line":147,"column":0},"end":{"line":147,"column":8}},"147":{"start":{"line":148,"column":0},"end":{"line":148,"column":43}},"148":{"start":{"line":149,"column":0},"end":{"line":149,"column":25}},"149":{"start":{"line":150,"column":0},"end":{"line":150,"column":8}},"150":{"start":{"line":151,"column":0},"end":{"line":151,"column":48}},"151":{"start":{"line":152,"column":0},"end":{"line":152,"column":27}},"152":{"start":{"line":153,"column":0},"end":{"line":153,"column":8}},"153":{"start":{"line":154,"column":0},"end":{"line":154,"column":47}},"154":{"start":{"line":155,"column":0},"end":{"line":155,"column":29}},"155":{"start":{"line":156,"column":0},"end":{"line":156,"column":9}},"156":{"start":{"line":157,"column":0},"end":{"line":157,"column":3}},"157":{"start":{"line":158,"column":0},"end":{"line":158,"column":3}},"158":{"start":{"line":159,"column":0},"end":{"line":159,"column":0}},"159":{"start":{"line":160,"column":0},"end":{"line":160,"column":47}},"160":{"start":{"line":161,"column":0},"end":{"line":161,"column":33}}},"s":{"0":1,"1":3,"2":1,"3":1,"4":1,"5":1,"6":1,"7":1,"8":1,"9":1,"10":1,"11":1,"12":1,"13":1,"14":1,"15":1,"16":1,"17":1,"18":1,"19":1,"20":1,"21":1,"22":1,"23":1,"24":1,"25":1,"26":1,"27":1,"28":1,"29":1,"30":1,"31":1,"32":1,"33":1,"34":1,"35":1,"36":1,"37":2,"38":2,"39":1,"40":1,"41":1,"42":1,"43":1,"44":1,"45":1,"46":1,"47":1,"48":1,"49":1,"50":1,"51":1,"52":2,"53":2,"54":1,"55":1,"56":1,"57":1,"58":1,"59":1,"60":1,"61":1,"62":1,"63":1,"64":1,"65":1,"66":1,"67":1,"68":1,"69":1,"70":0,"71":0,"72":1,"73":1,"74":1,"75":1,"76":1,"77":1,"78":1,"79":1,"80":1,"81":1,"82":0,"83":0,"84":1,"85":1,"86":1,"87":1,"88":1,"89":1,"90":1,"91":2,"92":2,"93":1,"94":1,"95":1,"96":1,"97":1,"98":1,"99":0,"100":0,"101":1,"102":1,"103":1,"104":1,"105":1,"106":1,"107":1,"108":1,"109":1,"110":1,"111":1,"112":1,"113":1,"114":1,"115":1,"116":1,"117":1,"118":1,"119":0,"120":0,"121":1,"122":1,"123":0,"124":0,"125":0,"126":1,"127":1,"128":0,"129":0,"130":1,"131":1,"132":0,"133":0,"134":1,"135":1,"136":0,"137":1,"138":1,"139":0,"140":0,"141":1,"142":1,"143":0,"144":0,"145":0,"146":1,"147":1,"148":0,"149":1,"150":1,"151":0,"152":1,"153":1,"154":0,"155":1,"156":1,"157":1,"158":1,"159":1,"160":1},"branchMap":{"0":{"type":"branch","line":2,"loc":{"start":{"line":2,"column":0},"end":{"line":2,"column":8}},"locations":[{"start":{"line":2,"column":0},"end":{"line":2,"column":8}}]},"1":{"type":"branch","line":2,"loc":{"start":{"line":2,"column":0},"end":{"line":2,"column":8}},"locations":[{"start":{"line":2,"column":0},"end":{"line":2,"column":8}}]},"2":{"type":"branch","line":2,"loc":{"start":{"line":2,"column":0},"end":{"line":2,"column":8}},"locations":[{"start":{"line":2,"column":0},"end":{"line":2,"column":8}}]},"3":{"type":"branch","line":2,"loc":{"start":{"line":2,"column":0},"end":{"line":2,"column":8}},"locations":[{"start":{"line":2,"column":0},"end":{"line":2,"column":8}}]},"4":{"type":"branch","line":2,"loc":{"start":{"line":2,"column":0},"end":{"line":2,"column":8}},"locations":[{"start":{"line":2,"column":0},"end":{"line":2,"column":8}}]},"5":{"type":"branch","line":2,"loc":{"start":{"line":2,"column":0},"end":{"line":2,"column":8}},"locations":[{"start":{"line":2,"column":0},"end":{"line":2,"column":8}}]},"6":{"type":"branch","line":2,"loc":{"start":{"line":2,"column":0},"end":{"line":2,"column":8}},"locations":[{"start":{"line":2,"column":0},"end":{"line":2,"column":8}}]},"7":{"type":"branch","line":2,"loc":{"start":{"line":2,"column":0},"end":{"line":2,"column":8}},"locations":[{"start":{"line":2,"column":0},"end":{"line":2,"column":8}}]},"8":{"type":"branch","line":2,"loc":{"start":{"line":2,"column":0},"end":{"line":2,"column":8}},"locations":[{"start":{"line":2,"column":0},"end":{"line":2,"column":8}}]},"9":{"type":"branch","line":37,"loc":{"start":{"line":37,"column":18},"end":{"line":46,"column":2}},"locations":[{"start":{"line":37,"column":18},"end":{"line":46,"column":2}}]},"10":{"type":"branch","line":37,"loc":{"start":{"line":37,"column":20},"end":{"line":44,"column":58}},"locations":[{"start":{"line":37,"column":20},"end":{"line":44,"column":58}}]},"11":{"type":"branch","line":37,"loc":{"start":{"line":37,"column":31},"end":{"line":44,"column":58}},"locations":[{"start":{"line":37,"column":31},"end":{"line":44,"column":58}}]},"12":{"type":"branch","line":37,"loc":{"start":{"line":37,"column":31},"end":{"line":39,"column":41}},"locations":[{"start":{"line":37,"column":31},"end":{"line":39,"column":41}}]},"13":{"type":"branch","line":39,"loc":{"start":{"line":39,"column":40},"end":{"line":42,"column":20}},"locations":[{"start":{"line":39,"column":40},"end":{"line":42,"column":20}}]},"14":{"type":"branch","line":42,"loc":{"start":{"line":42,"column":19},"end":{"line":44,"column":58}},"locations":[{"start":{"line":42,"column":19},"end":{"line":44,"column":58}}]},"15":{"type":"branch","line":44,"loc":{"start":{"line":44,"column":38},"end":{"line":44,"column":56}},"locations":[{"start":{"line":44,"column":38},"end":{"line":44,"column":56}}]},"16":{"type":"branch","line":44,"loc":{"start":{"line":44,"column":57},"end":{"line":44,"column":58}},"locations":[{"start":{"line":44,"column":57},"end":{"line":44,"column":58}}]},"17":{"type":"branch","line":44,"loc":{"start":{"line":44,"column":57},"end":{"line":44,"column":58}},"locations":[{"start":{"line":44,"column":57},"end":{"line":44,"column":58}}]},"18":{"type":"branch","line":46,"loc":{"start":{"line":46,"column":1},"end":{"line":46,"column":2}},"locations":[{"start":{"line":46,"column":1},"end":{"line":46,"column":2}}]},"19":{"type":"branch","line":52,"loc":{"start":{"line":52,"column":19},"end":{"line":59,"column":2}},"locations":[{"start":{"line":52,"column":19},"end":{"line":59,"column":2}}]},"20":{"type":"branch","line":52,"loc":{"start":{"line":52,"column":21},"end":{"line":57,"column":70}},"locations":[{"start":{"line":52,"column":21},"end":{"line":57,"column":70}}]},"21":{"type":"branch","line":52,"loc":{"start":{"line":52,"column":32},"end":{"line":57,"column":70}},"locations":[{"start":{"line":52,"column":32},"end":{"line":57,"column":70}}]},"22":{"type":"branch","line":52,"loc":{"start":{"line":52,"column":32},"end":{"line":54,"column":42}},"locations":[{"start":{"line":52,"column":32},"end":{"line":54,"column":42}}]},"23":{"type":"branch","line":54,"loc":{"start":{"line":54,"column":41},"end":{"line":55,"column":20}},"locations":[{"start":{"line":54,"column":41},"end":{"line":55,"column":20}}]},"24":{"type":"branch","line":55,"loc":{"start":{"line":55,"column":19},"end":{"line":57,"column":70}},"locations":[{"start":{"line":55,"column":19},"end":{"line":57,"column":70}}]},"25":{"type":"branch","line":57,"loc":{"start":{"line":57,"column":38},"end":{"line":57,"column":68}},"locations":[{"start":{"line":57,"column":38},"end":{"line":57,"column":68}}]},"26":{"type":"branch","line":57,"loc":{"start":{"line":57,"column":69},"end":{"line":57,"column":70}},"locations":[{"start":{"line":57,"column":69},"end":{"line":57,"column":70}}]},"27":{"type":"branch","line":57,"loc":{"start":{"line":57,"column":69},"end":{"line":57,"column":70}},"locations":[{"start":{"line":57,"column":69},"end":{"line":57,"column":70}}]},"28":{"type":"branch","line":59,"loc":{"start":{"line":59,"column":1},"end":{"line":59,"column":2}},"locations":[{"start":{"line":59,"column":1},"end":{"line":59,"column":2}}]},"29":{"type":"branch","line":65,"loc":{"start":{"line":65,"column":21},"end":{"line":74,"column":2}},"locations":[{"start":{"line":65,"column":21},"end":{"line":74,"column":2}}]},"30":{"type":"branch","line":65,"loc":{"start":{"line":65,"column":23},"end":{"line":72,"column":64}},"locations":[{"start":{"line":65,"column":23},"end":{"line":72,"column":64}}]},"31":{"type":"branch","line":65,"loc":{"start":{"line":65,"column":34},"end":{"line":72,"column":64}},"locations":[{"start":{"line":65,"column":34},"end":{"line":72,"column":64}}]},"32":{"type":"branch","line":65,"loc":{"start":{"line":65,"column":34},"end":{"line":67,"column":44}},"locations":[{"start":{"line":65,"column":34},"end":{"line":67,"column":44}}]},"33":{"type":"branch","line":67,"loc":{"start":{"line":67,"column":43},"end":{"line":70,"column":20}},"locations":[{"start":{"line":67,"column":43},"end":{"line":70,"column":20}}]},"34":{"type":"branch","line":70,"loc":{"start":{"line":70,"column":19},"end":{"line":72,"column":64}},"locations":[{"start":{"line":70,"column":19},"end":{"line":72,"column":64}}]},"35":{"type":"branch","line":72,"loc":{"start":{"line":72,"column":63},"end":{"line":72,"column":64}},"locations":[{"start":{"line":72,"column":63},"end":{"line":72,"column":64}}]},"36":{"type":"branch","line":72,"loc":{"start":{"line":72,"column":63},"end":{"line":72,"column":64}},"locations":[{"start":{"line":72,"column":63},"end":{"line":72,"column":64}}]},"37":{"type":"branch","line":74,"loc":{"start":{"line":74,"column":1},"end":{"line":74,"column":2}},"locations":[{"start":{"line":74,"column":1},"end":{"line":74,"column":2}}]},"38":{"type":"branch","line":77,"loc":{"start":{"line":77,"column":19},"end":{"line":86,"column":3}},"locations":[{"start":{"line":77,"column":19},"end":{"line":86,"column":3}}]},"39":{"type":"branch","line":78,"loc":{"start":{"line":78,"column":2},"end":{"line":84,"column":61}},"locations":[{"start":{"line":78,"column":2},"end":{"line":84,"column":61}}]},"40":{"type":"branch","line":78,"loc":{"start":{"line":78,"column":10},"end":{"line":84,"column":61}},"locations":[{"start":{"line":78,"column":10},"end":{"line":84,"column":61}}]},"41":{"type":"branch","line":78,"loc":{"start":{"line":78,"column":10},"end":{"line":84,"column":61}},"locations":[{"start":{"line":78,"column":10},"end":{"line":84,"column":61}}]},"42":{"type":"branch","line":78,"loc":{"start":{"line":78,"column":10},"end":{"line":80,"column":24}},"locations":[{"start":{"line":78,"column":10},"end":{"line":80,"column":24}}]},"43":{"type":"branch","line":80,"loc":{"start":{"line":80,"column":23},"end":{"line":82,"column":34}},"locations":[{"start":{"line":80,"column":23},"end":{"line":82,"column":34}}]},"44":{"type":"branch","line":83,"loc":{"start":{"line":83,"column":-2},"end":{"line":84,"column":61}},"locations":[{"start":{"line":83,"column":-2},"end":{"line":84,"column":61}}]},"45":{"type":"branch","line":84,"loc":{"start":{"line":84,"column":60},"end":{"line":84,"column":61}},"locations":[{"start":{"line":84,"column":60},"end":{"line":84,"column":61}}]},"46":{"type":"branch","line":84,"loc":{"start":{"line":84,"column":60},"end":{"line":84,"column":61}},"locations":[{"start":{"line":84,"column":60},"end":{"line":84,"column":61}}]},"47":{"type":"branch","line":90,"loc":{"start":{"line":90,"column":18},"end":{"line":103,"column":3}},"locations":[{"start":{"line":90,"column":18},"end":{"line":103,"column":3}}]},"48":{"type":"branch","line":91,"loc":{"start":{"line":91,"column":2},"end":{"line":101,"column":71}},"locations":[{"start":{"line":91,"column":2},"end":{"line":101,"column":71}}]},"49":{"type":"branch","line":91,"loc":{"start":{"line":91,"column":10},"end":{"line":101,"column":71}},"locations":[{"start":{"line":91,"column":10},"end":{"line":101,"column":71}}]},"50":{"type":"branch","line":91,"loc":{"start":{"line":91,"column":10},"end":{"line":93,"column":37}},"locations":[{"start":{"line":91,"column":10},"end":{"line":93,"column":37}}]},"51":{"type":"branch","line":93,"loc":{"start":{"line":93,"column":36},"end":{"line":94,"column":22}},"locations":[{"start":{"line":93,"column":36},"end":{"line":94,"column":22}}]},"52":{"type":"branch","line":94,"loc":{"start":{"line":94,"column":21},"end":{"line":97,"column":29}},"locations":[{"start":{"line":94,"column":21},"end":{"line":97,"column":29}}]},"53":{"type":"branch","line":96,"loc":{"start":{"line":96,"column":39},"end":{"line":96,"column":42}},"locations":[{"start":{"line":96,"column":39},"end":{"line":96,"column":42}}]},"54":{"type":"branch","line":97,"loc":{"start":{"line":97,"column":28},"end":{"line":98,"column":40}},"locations":[{"start":{"line":97,"column":28},"end":{"line":98,"column":40}}]},"55":{"type":"branch","line":98,"loc":{"start":{"line":98,"column":39},"end":{"line":99,"column":25}},"locations":[{"start":{"line":98,"column":39},"end":{"line":99,"column":25}}]},"56":{"type":"branch","line":99,"loc":{"start":{"line":99,"column":24},"end":{"line":101,"column":71}},"locations":[{"start":{"line":99,"column":24},"end":{"line":101,"column":71}}]},"57":{"type":"branch","line":101,"loc":{"start":{"line":101,"column":70},"end":{"line":101,"column":71}},"locations":[{"start":{"line":101,"column":70},"end":{"line":101,"column":71}}]},"58":{"type":"branch","line":101,"loc":{"start":{"line":101,"column":70},"end":{"line":101,"column":71}},"locations":[{"start":{"line":101,"column":70},"end":{"line":101,"column":71}}]},"59":{"type":"branch","line":110,"loc":{"start":{"line":110,"column":13},"end":{"line":115,"column":5}},"locations":[{"start":{"line":110,"column":13},"end":{"line":115,"column":5}}]},"60":{"type":"branch","line":117,"loc":{"start":{"line":117,"column":17},"end":{"line":157,"column":3}},"locations":[{"start":{"line":117,"column":17},"end":{"line":157,"column":3}}]}},"b":{"0":[18],"1":[0],"2":[8],"3":[10],"4":[5],"5":[8],"6":[8],"7":[15],"8":[3],"9":[1],"10":[2],"11":[6],"12":[2],"13":[1],"14":[1],"15":[0],"16":[0],"17":[2],"18":[2],"19":[1],"20":[2],"21":[6],"22":[2],"23":[1],"24":[1],"25":[0],"26":[0],"27":[2],"28":[2],"29":[1],"30":[1],"31":[3],"32":[1],"33":[1],"34":[0],"35":[0],"36":[1],"37":[1],"38":[1],"39":[1],"40":[2],"41":[3],"42":[1],"43":[1],"44":[0],"45":[1],"46":[1],"47":[1],"48":[2],"49":[8],"50":[2],"51":[1],"52":[1],"53":[0],"54":[1],"55":[1],"56":[0],"57":[0],"58":[2],"59":[1],"60":[1]},"fnMap":{"0":{"name":"asyncGeneratorStep","decl":{"start":{"line":2,"column":0},"end":{"line":2,"column":8}},"loc":{"start":{"line":2,"column":0},"end":{"line":2,"column":8}},"line":2},"1":{"name":"_asyncToGenerator","decl":{"start":{"line":2,"column":0},"end":{"line":2,"column":8}},"loc":{"start":{"line":2,"column":0},"end":{"line":2,"column":8}},"line":2},"2":{"name":"_next","decl":{"start":{"line":2,"column":0},"end":{"line":2,"column":8}},"loc":{"start":{"line":2,"column":0},"end":{"line":2,"column":8}},"line":2},"3":{"name":"_throw","decl":{"start":{"line":2,"column":0},"end":{"line":2,"column":8}},"loc":{"start":{"line":2,"column":0},"end":{"line":2,"column":8}},"line":2},"4":{"name":"_callee","decl":{"start":{"line":37,"column":20},"end":{"line":44,"column":58}},"loc":{"start":{"line":37,"column":20},"end":{"line":44,"column":58}},"line":37},"5":{"name":"_callee$","decl":{"start":{"line":37,"column":31},"end":{"line":44,"column":58}},"loc":{"start":{"line":37,"column":31},"end":{"line":44,"column":58}},"line":37},"6":{"name":"_callee2","decl":{"start":{"line":52,"column":21},"end":{"line":57,"column":70}},"loc":{"start":{"line":52,"column":21},"end":{"line":57,"column":70}},"line":52},"7":{"name":"_callee2$","decl":{"start":{"line":52,"column":32},"end":{"line":57,"column":70}},"loc":{"start":{"line":52,"column":32},"end":{"line":57,"column":70}},"line":52},"8":{"name":"_callee3","decl":{"start":{"line":65,"column":23},"end":{"line":72,"column":64}},"loc":{"start":{"line":65,"column":23},"end":{"line":72,"column":64}},"line":65},"9":{"name":"_callee3$","decl":{"start":{"line":65,"column":34},"end":{"line":72,"column":64}},"loc":{"start":{"line":65,"column":34},"end":{"line":72,"column":64}},"line":65},"10":{"name":"_callee4","decl":{"start":{"line":78,"column":2},"end":{"line":84,"column":61}},"loc":{"start":{"line":78,"column":2},"end":{"line":84,"column":61}},"line":78},"11":{"name":"_callee4$","decl":{"start":{"line":78,"column":10},"end":{"line":84,"column":61}},"loc":{"start":{"line":78,"column":10},"end":{"line":84,"column":61}},"line":78},"12":{"name":"_callee5","decl":{"start":{"line":91,"column":2},"end":{"line":101,"column":71}},"loc":{"start":{"line":91,"column":2},"end":{"line":101,"column":71}},"line":91},"13":{"name":"_callee5$","decl":{"start":{"line":91,"column":10},"end":{"line":101,"column":71}},"loc":{"start":{"line":91,"column":10},"end":{"line":101,"column":71}},"line":91},"14":{"name":"clearAuth","decl":{"start":{"line":110,"column":13},"end":{"line":115,"column":5}},"loc":{"start":{"line":110,"column":13},"end":{"line":115,"column":5}},"line":110},"15":{"name":"extraReducers","decl":{"start":{"line":117,"column":17},"end":{"line":157,"column":3}},"loc":{"start":{"line":117,"column":17},"end":{"line":157,"column":3}},"line":117}},"f":{"0":18,"1":5,"2":15,"3":3,"4":2,"5":6,"6":2,"7":6,"8":1,"9":3,"10":1,"11":2,"12":2,"13":8,"14":1,"15":1}}
,"D:\\4work\\Yandex\\stellar-burger\\src\\services\\slices\\burgerSlice\\burger-slice.ts": {"path":"D:\\4work\\Yandex\\stellar-burger\\src\\services\\slices\\burgerSlice\\burger-slice.ts","all":false,"statementMap":{"0":{"start":{"line":1,"column":0},"end":{"line":1,"column":80}},"1":{"start":{"line":2,"column":0},"end":{"line":2,"column":62}},"2":{"start":{"line":3,"column":0},"end":{"line":3,"column":59}},"3":{"start":{"line":4,"column":0},"end":{"line":4,"column":64}},"4":{"start":{"line":5,"column":0},"end":{"line":5,"column":0}},"5":{"start":{"line":6,"column":0},"end":{"line":6,"column":27}},"6":{"start":{"line":7,"column":0},"end":{"line":7,"column":21}},"7":{"start":{"line":8,"column":0},"end":{"line":8,"column":39}},"8":{"start":{"line":9,"column":0},"end":{"line":9,"column":42}},"9":{"start":{"line":10,"column":0},"end":{"line":10,"column":4}},"10":{"start":{"line":11,"column":0},"end":{"line":11,"column":24}},"11":{"start":{"line":12,"column":0},"end":{"line":12,"column":32}},"12":{"start":{"line":13,"column":0},"end":{"line":13,"column":23}},"13":{"start":{"line":14,"column":0},"end":{"line":14,"column":2}},"14":{"start":{"line":15,"column":0},"end":{"line":15,"column":0}},"15":{"start":{"line":16,"column":0},"end":{"line":16,"column":35}},"16":{"start":{"line":17,"column":0},"end":{"line":17,"column":21}},"17":{"start":{"line":18,"column":0},"end":{"line":18,"column":14}},"18":{"start":{"line":19,"column":0},"end":{"line":19,"column":19}},"19":{"start":{"line":20,"column":0},"end":{"line":20,"column":4}},"20":{"start":{"line":21,"column":0},"end":{"line":21,"column":22}},"21":{"start":{"line":22,"column":0},"end":{"line":22,"column":23}},"22":{"start":{"line":23,"column":0},"end":{"line":23,"column":13}},"23":{"start":{"line":24,"column":0},"end":{"line":24,"column":2}},"24":{"start":{"line":25,"column":0},"end":{"line":25,"column":0}},"25":{"start":{"line":26,"column":0},"end":{"line":26,"column":43}},"26":{"start":{"line":27,"column":0},"end":{"line":27,"column":22}},"27":{"start":{"line":28,"column":0},"end":{"line":28,"column":46}},"28":{"start":{"line":29,"column":0},"end":{"line":29,"column":9}},"29":{"start":{"line":30,"column":0},"end":{"line":30,"column":57}},"30":{"start":{"line":31,"column":0},"end":{"line":31,"column":50}},"31":{"start":{"line":32,"column":0},"end":{"line":32,"column":0}},"32":{"start":{"line":33,"column":0},"end":{"line":33,"column":39}},"33":{"start":{"line":34,"column":0},"end":{"line":34,"column":0}},"34":{"start":{"line":35,"column":0},"end":{"line":35,"column":28}},"35":{"start":{"line":36,"column":0},"end":{"line":36,"column":26}},"36":{"start":{"line":37,"column":0},"end":{"line":37,"column":53}},"37":{"start":{"line":38,"column":0},"end":{"line":38,"column":5}},"38":{"start":{"line":39,"column":0},"end":{"line":39,"column":3}},"39":{"start":{"line":40,"column":0},"end":{"line":40,"column":2}},"40":{"start":{"line":41,"column":0},"end":{"line":41,"column":0}},"41":{"start":{"line":42,"column":0},"end":{"line":42,"column":33}},"42":{"start":{"line":43,"column":0},"end":{"line":43,"column":17}},"43":{"start":{"line":44,"column":0},"end":{"line":44,"column":15}},"44":{"start":{"line":45,"column":0},"end":{"line":45,"column":13}},"45":{"start":{"line":46,"column":0},"end":{"line":46,"column":66}},"46":{"start":{"line":47,"column":0},"end":{"line":47,"column":50}},"47":{"start":{"line":48,"column":0},"end":{"line":48,"column":6}},"48":{"start":{"line":49,"column":0},"end":{"line":49,"column":73}},"49":{"start":{"line":50,"column":0},"end":{"line":50,"column":73}},"50":{"start":{"line":51,"column":0},"end":{"line":51,"column":49}},"51":{"start":{"line":52,"column":0},"end":{"line":52,"column":8}},"52":{"start":{"line":53,"column":0},"end":{"line":53,"column":0}},"53":{"start":{"line":54,"column":0},"end":{"line":54,"column":33}},"54":{"start":{"line":55,"column":0},"end":{"line":55,"column":79}},"55":{"start":{"line":56,"column":0},"end":{"line":56,"column":61}},"56":{"start":{"line":57,"column":0},"end":{"line":57,"column":26}},"57":{"start":{"line":58,"column":0},"end":{"line":58,"column":44}},"58":{"start":{"line":59,"column":0},"end":{"line":59,"column":45}},"59":{"start":{"line":60,"column":0},"end":{"line":60,"column":15}},"60":{"start":{"line":61,"column":0},"end":{"line":61,"column":10}},"61":{"start":{"line":62,"column":0},"end":{"line":62,"column":14}},"62":{"start":{"line":63,"column":0},"end":{"line":63,"column":49}},"63":{"start":{"line":64,"column":0},"end":{"line":64,"column":28}},"64":{"start":{"line":65,"column":0},"end":{"line":65,"column":18}},"65":{"start":{"line":66,"column":0},"end":{"line":66,"column":11}},"66":{"start":{"line":67,"column":0},"end":{"line":67,"column":7}},"67":{"start":{"line":68,"column":0},"end":{"line":68,"column":6}},"68":{"start":{"line":69,"column":0},"end":{"line":69,"column":60}},"69":{"start":{"line":70,"column":0},"end":{"line":70,"column":70}},"70":{"start":{"line":71,"column":0},"end":{"line":71,"column":0}},"71":{"start":{"line":72,"column":0},"end":{"line":72,"column":59}},"72":{"start":{"line":73,"column":0},"end":{"line":73,"column":62}},"73":{"start":{"line":74,"column":0},"end":{"line":74,"column":18}},"74":{"start":{"line":75,"column":0},"end":{"line":75,"column":40}},"75":{"start":{"line":76,"column":0},"end":{"line":76,"column":10}},"76":{"start":{"line":77,"column":0},"end":{"line":77,"column":14}},"77":{"start":{"line":78,"column":0},"end":{"line":78,"column":69}},"78":{"start":{"line":79,"column":0},"end":{"line":79,"column":7}},"79":{"start":{"line":80,"column":0},"end":{"line":80,"column":6}},"80":{"start":{"line":81,"column":0},"end":{"line":81,"column":29}},"81":{"start":{"line":82,"column":0},"end":{"line":82,"column":40}},"82":{"start":{"line":83,"column":0},"end":{"line":83,"column":46}},"83":{"start":{"line":84,"column":0},"end":{"line":84,"column":6}},"84":{"start":{"line":85,"column":0},"end":{"line":85,"column":28}},"85":{"start":{"line":86,"column":0},"end":{"line":86,"column":34}},"86":{"start":{"line":87,"column":0},"end":{"line":87,"column":25}},"87":{"start":{"line":88,"column":0},"end":{"line":88,"column":6}},"88":{"start":{"line":89,"column":0},"end":{"line":89,"column":19}},"89":{"start":{"line":90,"column":0},"end":{"line":90,"column":12}},"90":{"start":{"line":91,"column":0},"end":{"line":91,"column":67}},"91":{"start":{"line":92,"column":0},"end":{"line":92,"column":7}},"92":{"start":{"line":93,"column":0},"end":{"line":93,"column":52}},"93":{"start":{"line":94,"column":0},"end":{"line":94,"column":61}},"94":{"start":{"line":95,"column":0},"end":{"line":95,"column":55}},"95":{"start":{"line":96,"column":0},"end":{"line":96,"column":44}},"96":{"start":{"line":97,"column":0},"end":{"line":97,"column":5}},"97":{"start":{"line":98,"column":0},"end":{"line":98,"column":4}},"98":{"start":{"line":99,"column":0},"end":{"line":99,"column":31}},"99":{"start":{"line":100,"column":0},"end":{"line":100,"column":11}},"100":{"start":{"line":101,"column":0},"end":{"line":101,"column":47}},"101":{"start":{"line":102,"column":0},"end":{"line":102,"column":34}},"102":{"start":{"line":103,"column":0},"end":{"line":103,"column":27}},"103":{"start":{"line":104,"column":0},"end":{"line":104,"column":8}},"104":{"start":{"line":105,"column":0},"end":{"line":105,"column":57}},"105":{"start":{"line":106,"column":0},"end":{"line":106,"column":35}},"106":{"start":{"line":107,"column":0},"end":{"line":107,"column":46}},"107":{"start":{"line":108,"column":0},"end":{"line":108,"column":42}},"108":{"start":{"line":109,"column":0},"end":{"line":109,"column":48}},"109":{"start":{"line":110,"column":0},"end":{"line":110,"column":8}},"110":{"start":{"line":111,"column":0},"end":{"line":111,"column":56}},"111":{"start":{"line":112,"column":0},"end":{"line":112,"column":35}},"112":{"start":{"line":113,"column":0},"end":{"line":113,"column":47}},"113":{"start":{"line":114,"column":0},"end":{"line":114,"column":9}},"114":{"start":{"line":115,"column":0},"end":{"line":115,"column":3}},"115":{"start":{"line":116,"column":0},"end":{"line":116,"column":3}},"116":{"start":{"line":117,"column":0},"end":{"line":117,"column":0}},"117":{"start":{"line":118,"column":0},"end":{"line":118,"column":14}},"118":{"start":{"line":119,"column":0},"end":{"line":119,"column":9}},"119":{"start":{"line":120,"column":0},"end":{"line":120,"column":16}},"120":{"start":{"line":121,"column":0},"end":{"line":121,"column":19}},"121":{"start":{"line":122,"column":0},"end":{"line":122,"column":19}},"122":{"start":{"line":123,"column":0},"end":{"line":123,"column":18}},"123":{"start":{"line":124,"column":0},"end":{"line":124,"column":16}},"124":{"start":{"line":125,"column":0},"end":{"line":125,"column":24}},"125":{"start":{"line":126,"column":0},"end":{"line":126,"column":0}},"126":{"start":{"line":127,"column":0},"end":{"line":127,"column":35}}},"s":{"0":1,"1":1,"2":1,"3":1,"4":1,"5":1,"6":1,"7":1,"8":1,"9":1,"10":1,"11":1,"12":1,"13":1,"14":1,"15":1,"16":1,"17":1,"18":1,"19":1,"20":1,"21":1,"22":1,"23":1,"24":1,"25":1,"26":1,"27":1,"28":2,"29":2,"30":1,"31":1,"32":1,"33":1,"34":1,"35":1,"36":1,"37":1,"38":1,"39":1,"40":1,"41":1,"42":1,"43":1,"44":1,"45":1,"46":0,"47":1,"48":1,"49":1,"50":1,"51":1,"52":1,"53":1,"54":0,"55":0,"56":0,"57":0,"58":0,"59":0,"60":0,"61":1,"62":1,"63":1,"64":1,"65":1,"66":1,"67":1,"68":1,"69":0,"70":0,"71":0,"72":0,"73":0,"74":0,"75":0,"76":0,"77":0,"78":0,"79":1,"80":1,"81":1,"82":1,"83":1,"84":1,"85":1,"86":1,"87":1,"88":1,"89":0,"90":0,"91":0,"92":0,"93":0,"94":0,"95":0,"96":0,"97":1,"98":1,"99":1,"100":1,"101":0,"102":0,"103":1,"104":1,"105":0,"106":0,"107":0,"108":0,"109":1,"110":1,"111":0,"112":0,"113":1,"114":1,"115":1,"116":1,"117":1,"118":1,"119":1,"120":1,"121":1,"122":1,"123":1,"124":1,"125":1,"126":1},"branchMap":{"0":{"type":"branch","line":2,"loc":{"start":{"line":2,"column":0},"end":{"line":2,"column":62}},"locations":[{"start":{"line":2,"column":0},"end":{"line":2,"column":62}}]},"1":{"type":"branch","line":2,"loc":{"start":{"line":2,"column":0},"end":{"line":2,"column":62}},"locations":[{"start":{"line":2,"column":0},"end":{"line":2,"column":62}}]},"2":{"type":"branch","line":2,"loc":{"start":{"line":2,"column":0},"end":{"line":2,"column":62}},"locations":[{"start":{"line":2,"column":0},"end":{"line":2,"column":62}}]},"3":{"type":"branch","line":2,"loc":{"start":{"line":2,"column":0},"end":{"line":2,"column":62}},"locations":[{"start":{"line":2,"column":0},"end":{"line":2,"column":62}}]},"4":{"type":"branch","line":2,"loc":{"start":{"line":2,"column":0},"end":{"line":2,"column":62}},"locations":[{"start":{"line":2,"column":0},"end":{"line":2,"column":62}}]},"5":{"type":"branch","line":2,"loc":{"start":{"line":2,"column":0},"end":{"line":2,"column":62}},"locations":[{"start":{"line":2,"column":0},"end":{"line":2,"column":62}}]},"6":{"type":"branch","line":2,"loc":{"start":{"line":2,"column":0},"end":{"line":2,"column":62}},"locations":[{"start":{"line":2,"column":0},"end":{"line":2,"column":62}}]},"7":{"type":"branch","line":2,"loc":{"start":{"line":2,"column":0},"end":{"line":2,"column":62}},"locations":[{"start":{"line":2,"column":0},"end":{"line":2,"column":62}}]},"8":{"type":"branch","line":27,"loc":{"start":{"line":27,"column":21},"end":{"line":39,"column":3}},"locations":[{"start":{"line":27,"column":21},"end":{"line":39,"column":3}}]},"9":{"type":"branch","line":28,"loc":{"start":{"line":28,"column":2},"end":{"line":37,"column":53}},"locations":[{"start":{"line":28,"column":2},"end":{"line":37,"column":53}}]},"10":{"type":"branch","line":28,"loc":{"start":{"line":28,"column":40},"end":{"line":37,"column":53}},"locations":[{"start":{"line":28,"column":40},"end":{"line":37,"column":53}}]},"11":{"type":"branch","line":28,"loc":{"start":{"line":28,"column":40},"end":{"line":30,"column":57}},"locations":[{"start":{"line":28,"column":40},"end":{"line":30,"column":57}}]},"12":{"type":"branch","line":30,"loc":{"start":{"line":30,"column":56},"end":{"line":35,"column":28}},"locations":[{"start":{"line":30,"column":56},"end":{"line":35,"column":28}}]},"13":{"type":"branch","line":35,"loc":{"start":{"line":35,"column":27},"end":{"line":37,"column":53}},"locations":[{"start":{"line":35,"column":27},"end":{"line":37,"column":53}}]},"14":{"type":"branch","line":37,"loc":{"start":{"line":37,"column":52},"end":{"line":37,"column":53}},"locations":[{"start":{"line":37,"column":52},"end":{"line":37,"column":53}}]},"15":{"type":"branch","line":37,"loc":{"start":{"line":37,"column":52},"end":{"line":37,"column":53}},"locations":[{"start":{"line":37,"column":52},"end":{"line":37,"column":53}}]},"16":{"type":"branch","line":49,"loc":{"start":{"line":49,"column":17},"end":{"line":68,"column":5}},"locations":[{"start":{"line":49,"column":17},"end":{"line":68,"column":5}}]},"17":{"type":"branch","line":54,"loc":{"start":{"line":54,"column":32},"end":{"line":62,"column":7}},"locations":[{"start":{"line":54,"column":32},"end":{"line":62,"column":7}}]},"18":{"type":"branch","line":81,"loc":{"start":{"line":81,"column":20},"end":{"line":84,"column":5}},"locations":[{"start":{"line":81,"column":20},"end":{"line":84,"column":5}}]},"19":{"type":"branch","line":85,"loc":{"start":{"line":85,"column":19},"end":{"line":88,"column":5}},"locations":[{"start":{"line":85,"column":19},"end":{"line":88,"column":5}}]},"20":{"type":"branch","line":99,"loc":{"start":{"line":99,"column":17},"end":{"line":115,"column":3}},"locations":[{"start":{"line":99,"column":17},"end":{"line":115,"column":3}}]}},"b":{"0":[4],"1":[0],"2":[2],"3":[1],"4":[2],"5":[2],"6":[3],"7":[1],"8":[1],"9":[2],"10":[6],"11":[2],"12":[1],"13":[1],"14":[0],"15":[2],"16":[1],"17":[0],"18":[1],"19":[1],"20":[1]},"fnMap":{"0":{"name":"asyncGeneratorStep","decl":{"start":{"line":2,"column":0},"end":{"line":2,"column":62}},"loc":{"start":{"line":2,"column":0},"end":{"line":2,"column":62}},"line":2},"1":{"name":"_asyncToGenerator","decl":{"start":{"line":2,"column":0},"end":{"line":2,"column":62}},"loc":{"start":{"line":2,"column":0},"end":{"line":2,"column":62}},"line":2},"2":{"name":"_next","decl":{"start":{"line":2,"column":0},"end":{"line":2,"column":62}},"loc":{"start":{"line":2,"column":0},"end":{"line":2,"column":62}},"line":2},"3":{"name":"_throw","decl":{"start":{"line":2,"column":0},"end":{"line":2,"column":62}},"loc":{"start":{"line":2,"column":0},"end":{"line":2,"column":62}},"line":2},"4":{"name":"_callee","decl":{"start":{"line":28,"column":2},"end":{"line":37,"column":53}},"loc":{"start":{"line":28,"column":2},"end":{"line":37,"column":53}},"line":28},"5":{"name":"_callee$","decl":{"start":{"line":28,"column":40},"end":{"line":37,"column":53}},"loc":{"start":{"line":28,"column":40},"end":{"line":37,"column":53}},"line":28},"6":{"name":"addBun","decl":{"start":{"line":46,"column":10},"end":{"line":48,"column":5}},"loc":{"start":{"line":46,"column":10},"end":{"line":48,"column":5}},"line":46},"7":{"name":"addIngredient","decl":{"start":{"line":49,"column":17},"end":{"line":68,"column":5}},"loc":{"start":{"line":49,"column":17},"end":{"line":68,"column":5}},"line":49},"8":{"name":"removeIngredient","decl":{"start":{"line":69,"column":20},"end":{"line":80,"column":5}},"loc":{"start":{"line":69,"column":20},"end":{"line":80,"column":5}},"line":69},"9":{"name":"clearConstructor","decl":{"start":{"line":81,"column":20},"end":{"line":84,"column":5}},"loc":{"start":{"line":81,"column":20},"end":{"line":84,"column":5}},"line":81},"10":{"name":"closeOrderModal","decl":{"start":{"line":85,"column":19},"end":{"line":88,"column":5}},"loc":{"start":{"line":85,"column":19},"end":{"line":88,"column":5}},"line":85},"11":{"name":"moveIngredient","decl":{"start":{"line":89,"column":18},"end":{"line":97,"column":5}},"loc":{"start":{"line":89,"column":18},"end":{"line":97,"column":5}},"line":89},"12":{"name":"extraReducers","decl":{"start":{"line":99,"column":17},"end":{"line":115,"column":3}},"loc":{"start":{"line":99,"column":17},"end":{"line":115,"column":3}},"line":99}},"f":{"0":4,"1":1,"2":3,"3":1,"4":2,"5":6,"6":0,"7":1,"8":0,"9":1,"10":1,"11":0,"12":1}}
,"D:\\4work\\Yandex\\stellar-burger\\src\\services\\slices\\feedSlice\\feed-slice.ts": {"path":"D:\\4work\\Yandex\\stellar-burger\\src\\services\\slices\\feedSlice\\feed-slice.ts","all":false,"statementMap":{"0":{"start":{"line":1,"column":0},"end":{"line":1,"column":65}},"1":{"start":{"line":2,"column":0},"end":{"line":2,"column":38}},"2":{"start":{"line":3,"column":0},"end":{"line":3,"column":64}},"3":{"start":{"line":4,"column":0},"end":{"line":4,"column":70}},"4":{"start":{"line":5,"column":0},"end":{"line":5,"column":0}},"5":{"start":{"line":6,"column":0},"end":{"line":6,"column":26}},"6":{"start":{"line":7,"column":0},"end":{"line":7,"column":19}},"7":{"start":{"line":8,"column":0},"end":{"line":8,"column":23}},"8":{"start":{"line":9,"column":0},"end":{"line":9,"column":21}},"9":{"start":{"line":10,"column":0},"end":{"line":10,"column":23}},"10":{"start":{"line":11,"column":0},"end":{"line":11,"column":16}},"11":{"start":{"line":12,"column":0},"end":{"line":12,"column":21}},"12":{"start":{"line":13,"column":0},"end":{"line":13,"column":2}},"13":{"start":{"line":14,"column":0},"end":{"line":14,"column":0}},"14":{"start":{"line":15,"column":0},"end":{"line":15,"column":34}},"15":{"start":{"line":16,"column":0},"end":{"line":16,"column":13}},"16":{"start":{"line":17,"column":0},"end":{"line":17,"column":17}},"17":{"start":{"line":18,"column":0},"end":{"line":18,"column":19}},"18":{"start":{"line":19,"column":0},"end":{"line":19,"column":14}},"19":{"start":{"line":20,"column":0},"end":{"line":20,"column":11}},"20":{"start":{"line":21,"column":0},"end":{"line":21,"column":15}},"21":{"start":{"line":22,"column":0},"end":{"line":22,"column":2}},"22":{"start":{"line":23,"column":0},"end":{"line":23,"column":0}},"23":{"start":{"line":24,"column":0},"end":{"line":24,"column":48}},"24":{"start":{"line":25,"column":0},"end":{"line":25,"column":42}},"25":{"start":{"line":26,"column":0},"end":{"line":26,"column":23}},"26":{"start":{"line":27,"column":0},"end":{"line":27,"column":65}},"27":{"start":{"line":28,"column":0},"end":{"line":28,"column":11}},"28":{"start":{"line":29,"column":0},"end":{"line":29,"column":2}},"29":{"start":{"line":30,"column":0},"end":{"line":30,"column":0}},"30":{"start":{"line":31,"column":0},"end":{"line":31,"column":51}},"31":{"start":{"line":32,"column":0},"end":{"line":32,"column":30}},"32":{"start":{"line":33,"column":0},"end":{"line":33,"column":34}},"33":{"start":{"line":34,"column":0},"end":{"line":34,"column":56}},"34":{"start":{"line":35,"column":0},"end":{"line":35,"column":0}},"35":{"start":{"line":36,"column":0},"end":{"line":36,"column":26}},"36":{"start":{"line":37,"column":0},"end":{"line":37,"column":3}},"37":{"start":{"line":38,"column":0},"end":{"line":38,"column":2}},"38":{"start":{"line":39,"column":0},"end":{"line":39,"column":0}},"39":{"start":{"line":40,"column":0},"end":{"line":40,"column":75}},"40":{"start":{"line":41,"column":0},"end":{"line":41,"column":35}},"41":{"start":{"line":42,"column":0},"end":{"line":42,"column":14}},"42":{"start":{"line":43,"column":0},"end":{"line":43,"column":3}},"43":{"start":{"line":44,"column":0},"end":{"line":44,"column":0}},"44":{"start":{"line":45,"column":0},"end":{"line":45,"column":44}},"45":{"start":{"line":46,"column":0},"end":{"line":46,"column":11}},"46":{"start":{"line":47,"column":0},"end":{"line":47,"column":7}},"47":{"start":{"line":48,"column":0},"end":{"line":48,"column":25}},"48":{"start":{"line":49,"column":0},"end":{"line":49,"column":46}},"49":{"start":{"line":50,"column":0},"end":{"line":50,"column":7}},"50":{"start":{"line":51,"column":0},"end":{"line":51,"column":40}},"51":{"start":{"line":52,"column":0},"end":{"line":52,"column":18}},"52":{"start":{"line":53,"column":0},"end":{"line":53,"column":24}},"53":{"start":{"line":54,"column":0},"end":{"line":54,"column":80}},"54":{"start":{"line":55,"column":0},"end":{"line":55,"column":3}},"55":{"start":{"line":56,"column":0},"end":{"line":56,"column":3}},"56":{"start":{"line":57,"column":0},"end":{"line":57,"column":0}},"57":{"start":{"line":58,"column":0},"end":{"line":58,"column":31}},"58":{"start":{"line":59,"column":0},"end":{"line":59,"column":15}},"59":{"start":{"line":60,"column":0},"end":{"line":60,"column":15}},"60":{"start":{"line":61,"column":0},"end":{"line":61,"column":13}},"61":{"start":{"line":62,"column":0},"end":{"line":62,"column":29}},"62":{"start":{"line":63,"column":0},"end":{"line":63,"column":43}},"63":{"start":{"line":64,"column":0},"end":{"line":64,"column":23}},"64":{"start":{"line":65,"column":0},"end":{"line":65,"column":28}},"65":{"start":{"line":66,"column":0},"end":{"line":66,"column":5}},"66":{"start":{"line":67,"column":0},"end":{"line":67,"column":4}},"67":{"start":{"line":68,"column":0},"end":{"line":68,"column":31}},"68":{"start":{"line":69,"column":0},"end":{"line":69,"column":11}},"69":{"start":{"line":70,"column":0},"end":{"line":70,"column":48}},"70":{"start":{"line":71,"column":0},"end":{"line":71,"column":31}},"71":{"start":{"line":72,"column":0},"end":{"line":72,"column":27}},"72":{"start":{"line":73,"column":0},"end":{"line":73,"column":8}},"73":{"start":{"line":74,"column":0},"end":{"line":74,"column":58}},"74":{"start":{"line":75,"column":0},"end":{"line":75,"column":32}},"75":{"start":{"line":76,"column":0},"end":{"line":76,"column":42}},"76":{"start":{"line":77,"column":0},"end":{"line":77,"column":8}},"77":{"start":{"line":78,"column":0},"end":{"line":78,"column":57}},"78":{"start":{"line":79,"column":0},"end":{"line":79,"column":32}},"79":{"start":{"line":80,"column":0},"end":{"line":80,"column":66}},"80":{"start":{"line":81,"column":0},"end":{"line":81,"column":8}},"81":{"start":{"line":82,"column":0},"end":{"line":82,"column":47}},"82":{"start":{"line":83,"column":0},"end":{"line":83,"column":31}},"83":{"start":{"line":84,"column":0},"end":{"line":84,"column":27}},"84":{"start":{"line":85,"column":0},"end":{"line":85,"column":8}},"85":{"start":{"line":86,"column":0},"end":{"line":86,"column":57}},"86":{"start":{"line":87,"column":0},"end":{"line":87,"column":32}},"87":{"start":{"line":88,"column":0},"end":{"line":88,"column":45}},"88":{"start":{"line":89,"column":0},"end":{"line":89,"column":43}},"89":{"start":{"line":90,"column":0},"end":{"line":90,"column":53}},"90":{"start":{"line":91,"column":0},"end":{"line":91,"column":8}},"91":{"start":{"line":92,"column":0},"end":{"line":92,"column":56}},"92":{"start":{"line":93,"column":0},"end":{"line":93,"column":32}},"93":{"start":{"line":94,"column":0},"end":{"line":94,"column":70}},"94":{"start":{"line":95,"column":0},"end":{"line":95,"column":8}},"95":{"start":{"line":96,"column":0},"end":{"line":96,"column":55}},"96":{"start":{"line":97,"column":0},"end":{"line":97,"column":31}},"97":{"start":{"line":98,"column":0},"end":{"line":98,"column":27}},"98":{"start":{"line":99,"column":0},"end":{"line":99,"column":8}},"99":{"start":{"line":100,"column":0},"end":{"line":100,"column":65}},"100":{"start":{"line":101,"column":0},"end":{"line":101,"column":32}},"101":{"start":{"line":102,"column":0},"end":{"line":102,"column":0}},"102":{"start":{"line":103,"column":0},"end":{"line":103,"column":48}},"103":{"start":{"line":104,"column":0},"end":{"line":104,"column":51}},"104":{"start":{"line":105,"column":0},"end":{"line":105,"column":10}},"105":{"start":{"line":106,"column":0},"end":{"line":106,"column":29}},"106":{"start":{"line":107,"column":0},"end":{"line":107,"column":44}},"107":{"start":{"line":108,"column":0},"end":{"line":108,"column":9}},"108":{"start":{"line":109,"column":0},"end":{"line":109,"column":8}},"109":{"start":{"line":110,"column":0},"end":{"line":110,"column":64}},"110":{"start":{"line":111,"column":0},"end":{"line":111,"column":32}},"111":{"start":{"line":112,"column":0},"end":{"line":112,"column":71}},"112":{"start":{"line":113,"column":0},"end":{"line":113,"column":9}},"113":{"start":{"line":114,"column":0},"end":{"line":114,"column":3}},"114":{"start":{"line":115,"column":0},"end":{"line":115,"column":3}},"115":{"start":{"line":116,"column":0},"end":{"line":116,"column":0}},"116":{"start":{"line":117,"column":0},"end":{"line":117,"column":46}},"117":{"start":{"line":118,"column":0},"end":{"line":118,"column":33}}},"s":{"0":1,"1":1,"2":1,"3":1,"4":1,"5":1,"6":1,"7":1,"8":1,"9":1,"10":1,"11":1,"12":1,"13":1,"14":1,"15":1,"16":1,"17":1,"18":1,"19":1,"20":1,"21":1,"22":1,"23":1,"24":0,"25":0,"26":0,"27":0,"28":0,"29":1,"30":1,"31":1,"32":1,"33":0,"34":0,"35":0,"36":1,"37":1,"38":1,"39":1,"40":0,"41":0,"42":1,"43":1,"44":1,"45":1,"46":1,"47":1,"48":1,"49":2,"50":2,"51":1,"52":1,"53":1,"54":1,"55":1,"56":1,"57":1,"58":1,"59":1,"60":1,"61":1,"62":1,"63":1,"64":1,"65":1,"66":1,"67":1,"68":1,"69":1,"70":1,"71":1,"72":1,"73":1,"74":1,"75":1,"76":1,"77":1,"78":2,"79":2,"80":1,"81":1,"82":0,"83":0,"84":1,"85":1,"86":1,"87":1,"88":1,"89":1,"90":1,"91":1,"92":0,"93":0,"94":1,"95":1,"96":0,"97":0,"98":1,"99":1,"100":0,"101":0,"102":0,"103":0,"104":0,"105":0,"106":0,"107":0,"108":1,"109":1,"110":0,"111":0,"112":1,"113":1,"114":1,"115":1,"116":1,"117":1},"branchMap":{"0":{"type":"branch","line":2,"loc":{"start":{"line":2,"column":0},"end":{"line":2,"column":38}},"locations":[{"start":{"line":2,"column":0},"end":{"line":2,"column":38}}]},"1":{"type":"branch","line":2,"loc":{"start":{"line":2,"column":0},"end":{"line":2,"column":38}},"locations":[{"start":{"line":2,"column":0},"end":{"line":2,"column":38}}]},"2":{"type":"branch","line":2,"loc":{"start":{"line":2,"column":0},"end":{"line":2,"column":38}},"locations":[{"start":{"line":2,"column":0},"end":{"line":2,"column":38}}]},"3":{"type":"branch","line":2,"loc":{"start":{"line":2,"column":0},"end":{"line":2,"column":38}},"locations":[{"start":{"line":2,"column":0},"end":{"line":2,"column":38}}]},"4":{"type":"branch","line":2,"loc":{"start":{"line":2,"column":0},"end":{"line":2,"column":38}},"locations":[{"start":{"line":2,"column":0},"end":{"line":2,"column":38}}]},"5":{"type":"branch","line":2,"loc":{"start":{"line":2,"column":0},"end":{"line":2,"column":38}},"locations":[{"start":{"line":2,"column":0},"end":{"line":2,"column":38}}]},"6":{"type":"branch","line":2,"loc":{"start":{"line":2,"column":0},"end":{"line":2,"column":38}},"locations":[{"start":{"line":2,"column":0},"end":{"line":2,"column":38}}]},"7":{"type":"branch","line":2,"loc":{"start":{"line":2,"column":0},"end":{"line":2,"column":38}},"locations":[{"start":{"line":2,"column":0},"end":{"line":2,"column":38}}]},"8":{"type":"branch","line":32,"loc":{"start":{"line":32,"column":29},"end":{"line":37,"column":3}},"locations":[{"start":{"line":32,"column":29},"end":{"line":37,"column":3}}]},"9":{"type":"branch","line":49,"loc":{"start":{"line":49,"column":20},"end":{"line":56,"column":2}},"locations":[{"start":{"line":49,"column":20},"end":{"line":56,"column":2}}]},"10":{"type":"branch","line":49,"loc":{"start":{"line":49,"column":22},"end":{"line":54,"column":80}},"locations":[{"start":{"line":49,"column":22},"end":{"line":54,"column":80}}]},"11":{"type":"branch","line":49,"loc":{"start":{"line":49,"column":40},"end":{"line":54,"column":80}},"locations":[{"start":{"line":49,"column":40},"end":{"line":54,"column":80}}]},"12":{"type":"branch","line":49,"loc":{"start":{"line":49,"column":40},"end":{"line":51,"column":40}},"locations":[{"start":{"line":49,"column":40},"end":{"line":51,"column":40}}]},"13":{"type":"branch","line":51,"loc":{"start":{"line":51,"column":39},"end":{"line":52,"column":18}},"locations":[{"start":{"line":51,"column":39},"end":{"line":52,"column":18}}]},"14":{"type":"branch","line":52,"loc":{"start":{"line":52,"column":17},"end":{"line":54,"column":80}},"locations":[{"start":{"line":52,"column":17},"end":{"line":54,"column":80}}]},"15":{"type":"branch","line":54,"loc":{"start":{"line":54,"column":49},"end":{"line":54,"column":78}},"locations":[{"start":{"line":54,"column":49},"end":{"line":54,"column":78}}]},"16":{"type":"branch","line":54,"loc":{"start":{"line":54,"column":79},"end":{"line":54,"column":80}},"locations":[{"start":{"line":54,"column":79},"end":{"line":54,"column":80}}]},"17":{"type":"branch","line":54,"loc":{"start":{"line":54,"column":79},"end":{"line":54,"column":80}},"locations":[{"start":{"line":54,"column":79},"end":{"line":54,"column":80}}]},"18":{"type":"branch","line":56,"loc":{"start":{"line":56,"column":1},"end":{"line":56,"column":2}},"locations":[{"start":{"line":56,"column":1},"end":{"line":56,"column":2}}]},"19":{"type":"branch","line":62,"loc":{"start":{"line":62,"column":12},"end":{"line":66,"column":5}},"locations":[{"start":{"line":62,"column":12},"end":{"line":66,"column":5}}]},"20":{"type":"branch","line":68,"loc":{"start":{"line":68,"column":17},"end":{"line":114,"column":3}},"locations":[{"start":{"line":68,"column":17},"end":{"line":114,"column":3}}]},"21":{"type":"branch","line":70,"loc":{"start":{"line":70,"column":36},"end":{"line":73,"column":7}},"locations":[{"start":{"line":70,"column":36},"end":{"line":73,"column":7}}]},"22":{"type":"branch","line":74,"loc":{"start":{"line":74,"column":38},"end":{"line":77,"column":7}},"locations":[{"start":{"line":74,"column":38},"end":{"line":77,"column":7}}]},"23":{"type":"branch","line":78,"loc":{"start":{"line":78,"column":37},"end":{"line":81,"column":7}},"locations":[{"start":{"line":78,"column":37},"end":{"line":81,"column":7}}]},"24":{"type":"branch","line":80,"loc":{"start":{"line":80,"column":36},"end":{"line":80,"column":40}},"locations":[{"start":{"line":80,"column":36},"end":{"line":80,"column":40}}]},"25":{"type":"branch","line":80,"loc":{"start":{"line":80,"column":36},"end":{"line":80,"column":65}},"locations":[{"start":{"line":80,"column":36},"end":{"line":80,"column":65}}]},"26":{"type":"branch","line":86,"loc":{"start":{"line":86,"column":37},"end":{"line":91,"column":7}},"locations":[{"start":{"line":86,"column":37},"end":{"line":91,"column":7}}]}},"b":{"0":[4],"1":[0],"2":[2],"3":[3],"4":[2],"5":[2],"6":[3],"7":[1],"8":[1],"9":[1],"10":[2],"11":[6],"12":[2],"13":[1],"14":[1],"15":[0],"16":[0],"17":[2],"18":[2],"19":[1],"20":[1],"21":[1],"22":[1],"23":[2],"24":[1],"25":[1],"26":[1]},"fnMap":{"0":{"name":"asyncGeneratorStep","decl":{"start":{"line":2,"column":0},"end":{"line":2,"column":38}},"loc":{"start":{"line":2,"column":0},"end":{"line":2,"column":38}},"line":2},"1":{"name":"_asyncToGenerator","decl":{"start":{"line":2,"column":0},"end":{"line":2,"column":38}},"loc":{"start":{"line":2,"column":0},"end":{"line":2,"column":38}},"line":2},"2":{"name":"_next","decl":{"start":{"line":2,"column":0},"end":{"line":2,"column":38}},"loc":{"start":{"line":2,"column":0},"end":{"line":2,"column":38}},"line":2},"3":{"name":"_throw","decl":{"start":{"line":2,"column":0},"end":{"line":2,"column":38}},"loc":{"start":{"line":2,"column":0},"end":{"line":2,"column":38}},"line":2},"4":{"name":"countTodayOrders","decl":{"start":{"line":24,"column":25},"end":{"line":29,"column":2}},"loc":{"start":{"line":24,"column":25},"end":{"line":29,"column":2}},"line":24},"5":{"name":"_callee","decl":{"start":{"line":33,"column":2},"end":{"line":36,"column":26}},"loc":{"start":{"line":33,"column":2},"end":{"line":36,"column":26}},"line":33},"6":{"name":"_callee2","decl":{"start":{"line":40,"column":62},"end":{"line":43,"column":2}},"loc":{"start":{"line":40,"column":62},"end":{"line":43,"column":2}},"line":40},"7":{"name":"_callee3","decl":{"start":{"line":49,"column":22},"end":{"line":54,"column":80}},"loc":{"start":{"line":49,"column":22},"end":{"line":54,"column":80}},"line":49},"8":{"name":"_callee3$","decl":{"start":{"line":49,"column":40},"end":{"line":54,"column":80}},"loc":{"start":{"line":49,"column":40},"end":{"line":54,"column":80}},"line":49},"9":{"name":"addOrder","decl":{"start":{"line":62,"column":12},"end":{"line":66,"column":5}},"loc":{"start":{"line":62,"column":12},"end":{"line":66,"column":5}},"line":62},"10":{"name":"extraReducers","decl":{"start":{"line":68,"column":17},"end":{"line":114,"column":3}},"loc":{"start":{"line":68,"column":17},"end":{"line":114,"column":3}},"line":68}},"f":{"0":4,"1":3,"2":3,"3":1,"4":0,"5":0,"6":0,"7":2,"8":6,"9":1,"10":1}}
,"D:\\4work\\Yandex\\stellar-burger\\src\\services\\slices\\ingredientsSlice\\ingredients-slice.ts": {"path":"D:\\4work\\Yandex\\stellar-burger\\src\\services\\slices\\ingredientsSlice\\ingredients-slice.ts","all":false,"statementMap":{"0":{"start":{"line":1,"column":0},"end":{"line":1,"column":65}},"1":{"start":{"line":2,"column":0},"end":{"line":2,"column":62}},"2":{"start":{"line":3,"column":0},"end":{"line":3,"column":43}},"3":{"start":{"line":4,"column":0},"end":{"line":4,"column":0}},"4":{"start":{"line":5,"column":0},"end":{"line":5,"column":32}},"5":{"start":{"line":6,"column":0},"end":{"line":6,"column":22}},"6":{"start":{"line":7,"column":0},"end":{"line":7,"column":21}},"7":{"start":{"line":8,"column":0},"end":{"line":8,"column":23}},"8":{"start":{"line":9,"column":0},"end":{"line":9,"column":2}},"9":{"start":{"line":10,"column":0},"end":{"line":10,"column":0}},"10":{"start":{"line":11,"column":0},"end":{"line":11,"column":40}},"11":{"start":{"line":12,"column":0},"end":{"line":12,"column":11}},"12":{"start":{"line":13,"column":0},"end":{"line":13,"column":19}},"13":{"start":{"line":14,"column":0},"end":{"line":14,"column":13}},"14":{"start":{"line":15,"column":0},"end":{"line":15,"column":2}},"15":{"start":{"line":16,"column":0},"end":{"line":16,"column":0}},"16":{"start":{"line":17,"column":0},"end":{"line":17,"column":49}},"17":{"start":{"line":18,"column":0},"end":{"line":18,"column":33}},"18":{"start":{"line":19,"column":0},"end":{"line":19,"column":15}},"19":{"start":{"line":20,"column":0},"end":{"line":20,"column":43}},"20":{"start":{"line":21,"column":0},"end":{"line":21,"column":33}},"21":{"start":{"line":22,"column":0},"end":{"line":22,"column":3}},"22":{"start":{"line":23,"column":0},"end":{"line":23,"column":2}},"23":{"start":{"line":24,"column":0},"end":{"line":24,"column":0}},"24":{"start":{"line":25,"column":0},"end":{"line":25,"column":38}},"25":{"start":{"line":26,"column":0},"end":{"line":26,"column":22}},"26":{"start":{"line":27,"column":0},"end":{"line":27,"column":15}},"27":{"start":{"line":28,"column":0},"end":{"line":28,"column":15}},"28":{"start":{"line":29,"column":0},"end":{"line":29,"column":31}},"29":{"start":{"line":30,"column":0},"end":{"line":30,"column":11}},"30":{"start":{"line":31,"column":0},"end":{"line":31,"column":53}},"31":{"start":{"line":32,"column":0},"end":{"line":32,"column":31}},"32":{"start":{"line":33,"column":0},"end":{"line":33,"column":27}},"33":{"start":{"line":34,"column":0},"end":{"line":34,"column":8}},"34":{"start":{"line":35,"column":0},"end":{"line":35,"column":63}},"35":{"start":{"line":36,"column":0},"end":{"line":36,"column":32}},"36":{"start":{"line":37,"column":0},"end":{"line":37,"column":36}},"37":{"start":{"line":38,"column":0},"end":{"line":38,"column":8}},"38":{"start":{"line":39,"column":0},"end":{"line":39,"column":62}},"39":{"start":{"line":40,"column":0},"end":{"line":40,"column":32}},"40":{"start":{"line":41,"column":0},"end":{"line":41,"column":64}},"41":{"start":{"line":42,"column":0},"end":{"line":42,"column":9}},"42":{"start":{"line":43,"column":0},"end":{"line":43,"column":3}},"43":{"start":{"line":44,"column":0},"end":{"line":44,"column":3}},"44":{"start":{"line":45,"column":0},"end":{"line":45,"column":0}},"45":{"start":{"line":46,"column":0},"end":{"line":46,"column":40}}},"s":{"0":1,"1":1,"2":1,"3":1,"4":1,"5":1,"6":1,"7":1,"8":1,"9":1,"10":1,"11":1,"12":1,"13":1,"14":1,"15":1,"16":1,"17":1,"18":1,"19":2,"20":1,"21":2,"22":1,"23":1,"24":1,"25":1,"26":1,"27":1,"28":1,"29":1,"30":1,"31":1,"32":1,"33":1,"34":1,"35":1,"36":1,"37":1,"38":1,"39":1,"40":1,"41":1,"42":1,"43":1,"44":1,"45":1},"branchMap":{"0":{"type":"branch","line":2,"loc":{"start":{"line":2,"column":0},"end":{"line":2,"column":62}},"locations":[{"start":{"line":2,"column":0},"end":{"line":2,"column":62}}]},"1":{"type":"branch","line":2,"loc":{"start":{"line":2,"column":0},"end":{"line":2,"column":62}},"locations":[{"start":{"line":2,"column":0},"end":{"line":2,"column":62}}]},"2":{"type":"branch","line":2,"loc":{"start":{"line":2,"column":0},"end":{"line":2,"column":62}},"locations":[{"start":{"line":2,"column":0},"end":{"line":2,"column":62}}]},"3":{"type":"branch","line":2,"loc":{"start":{"line":2,"column":0},"end":{"line":2,"column":62}},"locations":[{"start":{"line":2,"column":0},"end":{"line":2,"column":62}}]},"4":{"type":"branch","line":2,"loc":{"start":{"line":2,"column":0},"end":{"line":2,"column":62}},"locations":[{"start":{"line":2,"column":0},"end":{"line":2,"column":62}}]},"5":{"type":"branch","line":2,"loc":{"start":{"line":2,"column":0},"end":{"line":2,"column":62}},"locations":[{"start":{"line":2,"column":0},"end":{"line":2,"column":62}}]},"6":{"type":"branch","line":2,"loc":{"start":{"line":2,"column":0},"end":{"line":2,"column":62}},"locations":[{"start":{"line":2,"column":0},"end":{"line":2,"column":62}}]},"7":{"type":"branch","line":2,"loc":{"start":{"line":2,"column":0},"end":{"line":2,"column":62}},"locations":[{"start":{"line":2,"column":0},"end":{"line":2,"column":62}}]},"8":{"type":"branch","line":2,"loc":{"start":{"line":2,"column":0},"end":{"line":2,"column":62}},"locations":[{"start":{"line":2,"column":0},"end":{"line":2,"column":62}}]},"9":{"type":"branch","line":2,"loc":{"start":{"line":2,"column":0},"end":{"line":2,"column":62}},"locations":[{"start":{"line":2,"column":0},"end":{"line":2,"column":62}}]},"10":{"type":"branch","line":2,"loc":{"start":{"line":2,"column":0},"end":{"line":2,"column":62}},"locations":[{"start":{"line":2,"column":0},"end":{"line":2,"column":62}}]},"11":{"type":"branch","line":2,"loc":{"start":{"line":2,"column":0},"end":{"line":2,"column":62}},"locations":[{"start":{"line":2,"column":0},"end":{"line":2,"column":62}}]},"12":{"type":"branch","line":2,"loc":{"start":{"line":2,"column":0},"end":{"line":2,"column":62}},"locations":[{"start":{"line":2,"column":0},"end":{"line":2,"column":62}}]},"13":{"type":"branch","line":2,"loc":{"start":{"line":2,"column":0},"end":{"line":2,"column":62}},"locations":[{"start":{"line":2,"column":0},"end":{"line":2,"column":62}}]},"14":{"type":"branch","line":2,"loc":{"start":{"line":2,"column":0},"end":{"line":2,"column":62}},"locations":[{"start":{"line":2,"column":0},"end":{"line":2,"column":62}}]},"15":{"type":"branch","line":2,"loc":{"start":{"line":2,"column":0},"end":{"line":2,"column":62}},"locations":[{"start":{"line":2,"column":0},"end":{"line":2,"column":62}}]},"16":{"type":"branch","line":2,"loc":{"start":{"line":2,"column":0},"end":{"line":2,"column":62}},"locations":[{"start":{"line":2,"column":0},"end":{"line":2,"column":62}}]},"17":{"type":"branch","line":2,"loc":{"start":{"line":2,"column":0},"end":{"line":2,"column":62}},"locations":[{"start":{"line":2,"column":0},"end":{"line":2,"column":62}}]},"18":{"type":"branch","line":2,"loc":{"start":{"line":2,"column":0},"end":{"line":2,"column":62}},"locations":[{"start":{"line":2,"column":0},"end":{"line":2,"column":62}}]},"19":{"type":"branch","line":2,"loc":{"start":{"line":2,"column":0},"end":{"line":2,"column":62}},"locations":[{"start":{"line":2,"column":0},"end":{"line":2,"column":62}}]},"20":{"type":"branch","line":2,"loc":{"start":{"line":2,"column":0},"end":{"line":2,"column":62}},"locations":[{"start":{"line":2,"column":0},"end":{"line":2,"column":62}}]},"21":{"type":"branch","line":2,"loc":{"start":{"line":2,"column":0},"end":{"line":2,"column":62}},"locations":[{"start":{"line":2,"column":0},"end":{"line":2,"column":62}}]},"22":{"type":"branch","line":2,"loc":{"start":{"line":2,"column":0},"end":{"line":2,"column":62}},"locations":[{"start":{"line":2,"column":0},"end":{"line":2,"column":62}}]},"23":{"type":"branch","line":2,"loc":{"start":{"line":2,"column":0},"end":{"line":2,"column":62}},"locations":[{"start":{"line":2,"column":0},"end":{"line":2,"column":62}}]},"24":{"type":"branch","line":2,"loc":{"start":{"line":2,"column":0},"end":{"line":2,"column":62}},"locations":[{"start":{"line":2,"column":0},"end":{"line":2,"column":62}}]},"25":{"type":"branch","line":2,"loc":{"start":{"line":2,"column":0},"end":{"line":2,"column":62}},"locations":[{"start":{"line":2,"column":0},"end":{"line":2,"column":62}}]},"26":{"type":"branch","line":2,"loc":{"start":{"line":2,"column":0},"end":{"line":2,"column":62}},"locations":[{"start":{"line":2,"column":0},"end":{"line":2,"column":62}}]},"27":{"type":"branch","line":2,"loc":{"start":{"line":2,"column":0},"end":{"line":2,"column":62}},"locations":[{"start":{"line":2,"column":0},"end":{"line":2,"column":62}}]},"28":{"type":"branch","line":2,"loc":{"start":{"line":2,"column":0},"end":{"line":2,"column":62}},"locations":[{"start":{"line":2,"column":0},"end":{"line":2,"column":62}}]},"29":{"type":"branch","line":2,"loc":{"start":{"line":2,"column":0},"end":{"line":2,"column":62}},"locations":[{"start":{"line":2,"column":0},"end":{"line":2,"column":62}}]},"30":{"type":"branch","line":2,"loc":{"start":{"line":2,"column":0},"end":{"line":2,"column":62}},"locations":[{"start":{"line":2,"column":0},"end":{"line":2,"column":62}}]},"31":{"type":"branch","line":2,"loc":{"start":{"line":2,"column":0},"end":{"line":2,"column":62}},"locations":[{"start":{"line":2,"column":0},"end":{"line":2,"column":62}}]},"32":{"type":"branch","line":2,"loc":{"start":{"line":2,"column":0},"end":{"line":2,"column":62}},"locations":[{"start":{"line":2,"column":0},"end":{"line":2,"column":62}}]},"33":{"type":"branch","line":2,"loc":{"start":{"line":2,"column":0},"end":{"line":2,"column":62}},"locations":[{"start":{"line":2,"column":0},"end":{"line":2,"column":62}}]},"34":{"type":"branch","line":2,"loc":{"start":{"line":2,"column":0},"end":{"line":2,"column":62}},"locations":[{"start":{"line":2,"column":0},"end":{"line":2,"column":62}}]},"35":{"type":"branch","line":2,"loc":{"start":{"line":2,"column":0},"end":{"line":2,"column":62}},"locations":[{"start":{"line":2,"column":0},"end":{"line":2,"column":62}}]},"36":{"type":"branch","line":2,"loc":{"start":{"line":2,"column":0},"end":{"line":2,"column":62}},"locations":[{"start":{"line":2,"column":0},"end":{"line":2,"column":62}}]},"37":{"type":"branch","line":2,"loc":{"start":{"line":2,"column":0},"end":{"line":2,"column":62}},"locations":[{"start":{"line":2,"column":0},"end":{"line":2,"column":62}}]},"38":{"type":"branch","line":2,"loc":{"start":{"line":2,"column":0},"end":{"line":2,"column":62}},"locations":[{"start":{"line":2,"column":0},"end":{"line":2,"column":62}}]},"39":{"type":"branch","line":2,"loc":{"start":{"line":2,"column":0},"end":{"line":2,"column":62}},"locations":[{"start":{"line":2,"column":0},"end":{"line":2,"column":62}}]},"40":{"type":"branch","line":2,"loc":{"start":{"line":2,"column":0},"end":{"line":2,"column":62}},"locations":[{"start":{"line":2,"column":0},"end":{"line":2,"column":62}}]},"41":{"type":"branch","line":2,"loc":{"start":{"line":2,"column":0},"end":{"line":2,"column":62}},"locations":[{"start":{"line":2,"column":0},"end":{"line":2,"column":62}}]},"42":{"type":"branch","line":2,"loc":{"start":{"line":2,"column":0},"end":{"line":2,"column":62}},"locations":[{"start":{"line":2,"column":0},"end":{"line":2,"column":62}}]},"43":{"type":"branch","line":2,"loc":{"start":{"line":2,"column":0},"end":{"line":2,"column":62}},"locations":[{"start":{"line":2,"column":0},"end":{"line":2,"column":62}}]},"44":{"type":"branch","line":2,"loc":{"start":{"line":2,"column":0},"end":{"line":2,"column":62}},"locations":[{"start":{"line":2,"column":0},"end":{"line":2,"column":62}}]},"45":{"type":"branch","line":2,"loc":{"start":{"line":2,"column":0},"end":{"line":2,"column":62}},"locations":[{"start":{"line":2,"column":0},"end":{"line":2,"column":62}}]},"46":{"type":"branch","line":2,"loc":{"start":{"line":2,"column":0},"end":{"line":2,"column":62}},"locations":[{"start":{"line":2,"column":0},"end":{"line":2,"column":62}}]},"47":{"type":"branch","line":2,"loc":{"start":{"line":2,"column":0},"end":{"line":2,"column":62}},"locations":[{"start":{"line":2,"column":0},"end":{"line":2,"column":62}}]},"48":{"type":"branch","line":2,"loc":{"start":{"line":2,"column":0},"end":{"line":2,"column":62}},"locations":[{"start":{"line":2,"column":0},"end":{"line":2,"column":62}}]},"49":{"type":"branch","line":2,"loc":{"start":{"line":2,"column":0},"end":{"line":2,"column":62}},"locations":[{"start":{"line":2,"column":0},"end":{"line":2,"column":62}}]},"50":{"type":"branch","line":2,"loc":{"start":{"line":2,"column":0},"end":{"line":2,"column":62}},"locations":[{"start":{"line":2,"column":0},"end":{"line":2,"column":62}}]},"51":{"type":"branch","line":2,"loc":{"start":{"line":2,"column":0},"end":{"line":2,"column":62}},"locations":[{"start":{"line":2,"column":0},"end":{"line":2,"column":62}}]},"52":{"type":"branch","line":2,"loc":{"start":{"line":2,"column":0},"end":{"line":2,"column":62}},"locations":[{"start":{"line":2,"column":0},"end":{"line":2,"column":62}}]},"53":{"type":"branch","line":2,"loc":{"start":{"line":2,"column":0},"end":{"line":2,"column":62}},"locations":[{"start":{"line":2,"column":0},"end":{"line":2,"column":62}}]},"54":{"type":"branch","line":2,"loc":{"start":{"line":2,"column":0},"end":{"line":2,"column":62}},"locations":[{"start":{"line":2,"column":0},"end":{"line":2,"column":62}}]},"55":{"type":"branch","line":2,"loc":{"start":{"line":2,"column":0},"end":{"line":2,"column":62}},"locations":[{"start":{"line":2,"column":0},"end":{"line":2,"column":62}}]},"56":{"type":"branch","line":2,"loc":{"start":{"line":2,"column":0},"end":{"line":2,"column":62}},"locations":[{"start":{"line":2,"column":0},"end":{"line":2,"column":62}}]},"57":{"type":"branch","line":2,"loc":{"start":{"line":2,"column":0},"end":{"line":2,"column":62}},"locations":[{"start":{"line":2,"column":0},"end":{"line":2,"column":62}}]},"58":{"type":"branch","line":2,"loc":{"start":{"line":2,"column":0},"end":{"line":2,"column":62}},"locations":[{"start":{"line":2,"column":0},"end":{"line":2,"column":62}}]},"59":{"type":"branch","line":2,"loc":{"start":{"line":2,"column":0},"end":{"line":2,"column":62}},"locations":[{"start":{"line":2,"column":0},"end":{"line":2,"column":62}}]},"60":{"type":"branch","line":2,"loc":{"start":{"line":2,"column":0},"end":{"line":2,"column":62}},"locations":[{"start":{"line":2,"column":0},"end":{"line":2,"column":62}}]},"61":{"type":"branch","line":2,"loc":{"start":{"line":2,"column":0},"end":{"line":2,"column":62}},"locations":[{"start":{"line":2,"column":0},"end":{"line":2,"column":62}}]},"62":{"type":"branch","line":2,"loc":{"start":{"line":2,"column":0},"end":{"line":2,"column":62}},"locations":[{"start":{"line":2,"column":0},"end":{"line":2,"column":62}}]},"63":{"type":"branch","line":2,"loc":{"start":{"line":2,"column":0},"end":{"line":2,"column":62}},"locations":[{"start":{"line":2,"column":0},"end":{"line":2,"column":62}}]},"64":{"type":"branch","line":2,"loc":{"start":{"line":2,"column":0},"end":{"line":2,"column":62}},"locations":[{"start":{"line":2,"column":0},"end":{"line":2,"column":62}}]},"65":{"type":"branch","line":2,"loc":{"start":{"line":2,"column":0},"end":{"line":2,"column":62}},"locations":[{"start":{"line":2,"column":0},"end":{"line":2,"column":62}}]},"66":{"type":"branch","line":2,"loc":{"start":{"line":2,"column":0},"end":{"line":2,"column":62}},"locations":[{"start":{"line":2,"column":0},"end":{"line":2,"column":62}}]},"67":{"type":"branch","line":2,"loc":{"start":{"line":2,"column":0},"end":{"line":2,"column":62}},"locations":[{"start":{"line":2,"column":0},"end":{"line":2,"column":62}}]},"68":{"type":"branch","line":2,"loc":{"start":{"line":2,"column":0},"end":{"line":2,"column":62}},"locations":[{"start":{"line":2,"column":0},"end":{"line":2,"column":62}}]},"69":{"type":"branch","line":2,"loc":{"start":{"line":2,"column":0},"end":{"line":2,"column":62}},"locations":[{"start":{"line":2,"column":0},"end":{"line":2,"column":62}}]},"70":{"type":"branch","line":2,"loc":{"start":{"line":2,"column":0},"end":{"line":2,"column":62}},"locations":[{"start":{"line":2,"column":0},"end":{"line":2,"column":62}}]},"71":{"type":"branch","line":2,"loc":{"start":{"line":2,"column":0},"end":{"line":2,"column":62}},"locations":[{"start":{"line":2,"column":0},"end":{"line":2,"column":62}}]},"72":{"type":"branch","line":2,"loc":{"start":{"line":2,"column":0},"end":{"line":2,"column":62}},"locations":[{"start":{"line":2,"column":0},"end":{"line":2,"column":62}}]},"73":{"type":"branch","line":19,"loc":{"start":{"line":19,"column":2},"end":{"line":22,"column":3}},"locations":[{"start":{"line":19,"column":2},"end":{"line":22,"column":3}}]},"74":{"type":"branch","line":19,"loc":{"start":{"line":19,"column":2},"end":{"line":21,"column":33}},"locations":[{"start":{"line":19,"column":2},"end":{"line":21,"column":33}}]},"75":{"type":"branch","line":19,"loc":{"start":{"line":19,"column":2},"end":{"line":20,"column":43}},"locations":[{"start":{"line":19,"column":2},"end":{"line":20,"column":43}}]},"76":{"type":"branch","line":20,"loc":{"start":{"line":20,"column":42},"end":{"line":21,"column":33}},"locations":[{"start":{"line":20,"column":42},"end":{"line":21,"column":33}}]},"77":{"type":"branch","line":21,"loc":{"start":{"line":21,"column":15},"end":{"line":21,"column":33}},"locations":[{"start":{"line":21,"column":15},"end":{"line":21,"column":33}}]},"78":{"type":"branch","line":21,"loc":{"start":{"line":21,"column":15},"end":{"line":21,"column":33}},"locations":[{"start":{"line":21,"column":15},"end":{"line":21,"column":33}}]},"79":{"type":"branch","line":29,"loc":{"start":{"line":29,"column":17},"end":{"line":43,"column":3}},"locations":[{"start":{"line":29,"column":17},"end":{"line":43,"column":3}}]},"80":{"type":"branch","line":31,"loc":{"start":{"line":31,"column":41},"end":{"line":34,"column":7}},"locations":[{"start":{"line":31,"column":41},"end":{"line":34,"column":7}}]},"81":{"type":"branch","line":35,"loc":{"start":{"line":35,"column":43},"end":{"line":38,"column":7}},"locations":[{"start":{"line":35,"column":43},"end":{"line":38,"column":7}}]},"82":{"type":"branch","line":39,"loc":{"start":{"line":39,"column":42},"end":{"line":42,"column":7}},"locations":[{"start":{"line":39,"column":42},"end":{"line":42,"column":7}}]},"83":{"type":"branch","line":41,"loc":{"start":{"line":41,"column":42},"end":{"line":41,"column":63}},"locations":[{"start":{"line":41,"column":42},"end":{"line":41,"column":63}}]}},"b":{"0":[0],"1":[0],"2":[0],"3":[0],"4":[0],"5":[0],"6":[2],"7":[13],"8":[2],"9":[0],"10":[5],"11":[1],"12":[2],"13":[6],"14":[4],"15":[2],"16":[4],"17":[0],"18":[0],"19":[6],"20":[0],"21":[3],"22":[2],"23":[0],"24":[1],"25":[5],"26":[4],"27":[1],"28":[3],"29":[1],"30":[3],"31":[1],"32":[2],"33":[2],"34":[1],"35":[0],"36":[0],"37":[0],"38":[1],"39":[0],"40":[2],"41":[0],"42":[2],"43":[1],"44":[2],"45":[1],"46":[0],"47":[1],"48":[0],"49":[2],"50":[0],"51":[0],"52":[0],"53":[0],"54":[0],"55":[0],"56":[0],"57":[0],"58":[0],"59":[2],"60":[0],"61":[0],"62":[0],"63":[4],"64":[1],"65":[3],"66":[1],"67":[2],"68":[1],"69":[2],"70":[2],"71":[3],"72":[1],"73":[2],"74":[5],"75":[2],"76":[1],"77":[0],"78":[2],"79":[1],"80":[1],"81":[1],"82":[1],"83":[0]},"fnMap":{"0":{"name":"_regeneratorRuntime","decl":{"start":{"line":2,"column":0},"end":{"line":2,"column":62}},"loc":{"start":{"line":2,"column":0},"end":{"line":2,"column":62}},"line":2},"1":{"name":"o","decl":{"start":{"line":2,"column":0},"end":{"line":2,"column":62}},"loc":{"start":{"line":2,"column":0},"end":{"line":2,"column":62}},"line":2},"2":{"name":"define","decl":{"start":{"line":2,"column":0},"end":{"line":2,"column":62}},"loc":{"start":{"line":2,"column":0},"end":{"line":2,"column":62}},"line":2},"3":{"name":"define","decl":{"start":{"line":2,"column":0
[...]
},"locations":[{"start":{"line":198,"column":10},"end":{"line":198,"column":59}}]},"146":{"type":"branch","line":199,"loc":{"start":{"line":199,"column":10},"end":{"line":202,"column":5}},"locations":[{"start":{"line":199,"column":10},"end":{"line":202,"column":5}}]},"147":{"type":"branch","line":200,"loc":{"start":{"line":200,"column":36},"end":{"line":202,"column":5}},"locations":[{"start":{"line":200,"column":36},"end":{"line":202,"column":5}}]},"148":{"type":"branch","line":204,"loc":{"start":{"line":204,"column":32},"end":{"line":216,"column":7}},"locations":[{"start":{"line":204,"column":32},"end":{"line":216,"column":7}}]},"149":{"type":"branch","line":212,"loc":{"start":{"line":212,"column":10},"end":{"line":212,"column":59}},"locations":[{"start":{"line":212,"column":10},"end":{"line":212,"column":59}}]},"150":{"type":"branch","line":213,"loc":{"start":{"line":213,"column":10},"end":{"line":216,"column":5}},"locations":[{"start":{"line":213,"column":10},"end":{"line":216,"column":5}}]},"151":{"type":"branch","line":214,"loc":{"start":{"line":214,"column":36},"end":{"line":216,"column":5}},"locations":[{"start":{"line":214,"column":36},"end":{"line":216,"column":5}}]},"152":{"type":"branch","line":220,"loc":{"start":{"line":220,"column":26},"end":{"line":225,"column":5}},"locations":[{"start":{"line":220,"column":26},"end":{"line":225,"column":5}}]},"153":{"type":"branch","line":227,"loc":{"start":{"line":227,"column":29},"end":{"line":235,"column":5}},"locations":[{"start":{"line":227,"column":29},"end":{"line":235,"column":5}}]},"154":{"type":"branch","line":237,"loc":{"start":{"line":237,"column":25},"end":{"line":246,"column":60}},"locations":[{"start":{"line":237,"column":25},"end":{"line":246,"column":60}}]},"155":{"type":"branch","line":246,"loc":{"start":{"line":246,"column":10},"end":{"line":246,"column":59}},"locations":[{"start":{"line":246,"column":10},"end":{"line":246,"column":59}}]}},"b":{"0":[1],"1":[0],"2":[0],"3":[0],"4":[0],"5":[0],"6":[0],"7":[1],"8":[13],"9":[32],"10":[0],"11":[24],"12":[88],"13":[1],"14":[2],"15":[6],"16":[57],"17":[32],"18":[57],"19":[0],"20":[0],"21":[89],"22":[0],"23":[53],"24":[36],"25":[5],"26":[0],"27":[31],"28":[88],"29":[87],"30":[31],"31":[56],"32":[31],"33":[56],"34":[1],"35":[8],"36":[0],"37":[43],"38":[40],"39":[32],"40":[1],"41":[0],"42":[0],"43":[0],"44":[2],"45":[0],"46":[32],"47":[0],"48":[32],"49":[1],"50":[31],"51":[5],"52":[1],"53":[4],"54":[1],"55":[4],"56":[0],"57":[3],"58":[0],"59":[4],"60":[3],"61":[62],"62":[76],"63":[14],"64":[0],"65":[0],"66":[0],"67":[0],"68":[0],"69":[0],"70":[0],"71":[0],"72":[62],"73":[0],"74":[0],"75":[0],"76":[3],"77":[0],"78":[57],"79":[1],"80":[56],"81":[31],"82":[25],"83":[2],"84":[32],"85":[32],"86":[53],"87":[4],"88":[1],"89":[24],"90":[54],"91":[60],"92":[24],"93":[6],"94":[18],"95":[6],"96":[6],"97":[1],"98":[0],"99":[24],"100":[4],"101":[3],"102":[2],"103":[0],"104":[1],"105":[8],"106":[34],"107":[35],"108":[8],"109":[7],"110":[5],"111":[3],"112":[1],"113":[2],"114":[1],"115":[1],"116":[1],"117":[1],"118":[0],"119":[8],"120":[3],"121":[3],"122":[2],"123":[1],"124":[1],"125":[1],"126":[1],"127":[0],"128":[1],"129":[1],"130":[0],"131":[1],"132":[1],"133":[0],"134":[1],"135":[1],"136":[1],"137":[1],"138":[1],"139":[0],"140":[1],"141":[1],"142":[1],"143":[0],"144":[1],"145":[1],"146":[1],"147":[0],"148":[1],"149":[1],"150":[1],"151":[0],"152":[1],"153":[1],"154":[1],"155":[1]},"fnMap":{"0":{"name":"_regeneratorRuntime","decl":{"start":{"line":2,"column":-2},"end":{"line":2,"column":53}},"loc":{"start":{"line":2,"column":-2},"end":{"line":2,"column":53}},"line":2},"1":{"name":"_regeneratorRuntime","decl":{"start":{"line":2,"column":0},"end":{"line":2,"column":53}},"loc":{"start":{"line":2,"column":0},"end":{"line":2,"column":53}},"line":2},"2":{"name":"o","decl":{"start":{"line":2,"column":0},"end":{"line":2,"column":53}},"loc":{"start":{"line":2,"column":0},"end":{"line":2,"column":53}},"line":2},"3":{"name":"define","decl":{"start":{"line":2,"column":0},"end":{"line":2,"column":53}},"loc":{"start":{"line":2,"column":0},"end":{"line":2,"column":53}},"line":2},"4":{"name":"define","decl":{"start":{"line":2,"column":0},"end":{"line":2,"column":53}},"loc":{"start":{"line":2,"column":0},"end":{"line":2,"column":53}},"line":2},"5":{"name":"wrap","decl":{"start":{"line":2,"column":0},"end":{"line":2,"column":53}},"loc":{"start":{"line":2,"column":0},"end":{"line":2,"column":53}},"line":2},"6":{"name":"tryCatch","decl":{"start":{"line":2,"column":0},"end":{"line":2,"column":53}},"loc":{"start":{"line":2,"column":0},"end":{"line":2,"column":53}},"line":2},"7":{"name":"Generator","decl":{"start":{"line":2,"column":0},"end":{"line":2,"column":53}},"loc":{"start":{"line":2,"column":0},"end":{"line":2,"column":53}},"line":2},"8":{"name":"GeneratorFunction","decl":{"start":{"line":2,"column":0},"end":{"line":2,"column":53}},"loc":{"start":{"line":2,"column":0},"end":{"line":2,"column":53}},"line":2},"9":{"name":"GeneratorFunctionPrototype","decl":{"start":{"line":2,"column":0},"end":{"line":2,"column":53}},"loc":{"start":{"line":2,"column":0},"end":{"line":2,"column":53}},"line":2},"10":{"name":"defineIteratorMethods","decl":{"start":{"line":2,"column":0},"end":{"line":2,"column":53}},"loc":{"start":{"line":2,"column":0},"end":{"line":2,"column":53}},"line":2},"11":{"name":"AsyncIterator","decl":{"start":{"line":2,"column":0},"end":{"line":2,"column":53}},"loc":{"start":{"line":2,"column":0},"end":{"line":2,"column":53}},"line":2},"12":{"name":"makeInvokeMethod","decl":{"start":{"line":2,"column":0},"end":{"line":2,"column":53}},"loc":{"start":{"line":2,"column":0},"end":{"line":2,"column":53}},"line":2},"13":{"name":"maybeInvokeDelegate","decl":{"start":{"line":2,"column":0},"end":{"line":2,"column":53}},"loc":{"start":{"line":2,"column":0},"end":{"line":2,"column":53}},"line":2},"14":{"name":"pushTryEntry","decl":{"start":{"line":2,"column":0},"end":{"line":2,"column":53}},"loc":{"start":{"line":2,"column":0},"end":{"line":2,"column":53}},"line":2},"15":{"name":"resetTryEntry","decl":{"start":{"line":2,"column":0},"end":{"line":2,"column":53}},"loc":{"start":{"line":2,"column":0},"end":{"line":2,"column":53}},"line":2},"16":{"name":"Context","decl":{"start":{"line":2,"column":0},"end":{"line":2,"column":53}},"loc":{"start":{"line":2,"column":0},"end":{"line":2,"column":53}},"line":2},"17":{"name":"values","decl":{"start":{"line":2,"column":0},"end":{"line":2,"column":53}},"loc":{"start":{"line":2,"column":0},"end":{"line":2,"column":53}},"line":2},"18":{"name":"next","decl":{"start":{"line":2,"column":0},"end":{"line":2,"column":53}},"loc":{"start":{"line":2,"column":0},"end":{"line":2,"column":53}},"line":2},"19":{"name":"e.isGeneratorFunction","decl":{"start":{"line":2,"column":0},"end":{"line":2,"column":53}},"loc":{"start":{"line":2,"column":0},"end":{"line":2,"column":53}},"line":2},"20":{"name":"e.mark","decl":{"start":{"line":2,"column":0},"end":{"line":2,"column":53}},"loc":{"start":{"line":2,"column":0},"end":{"line":2,"column":53}},"line":2},"21":{"name":"e.awrap","decl":{"start":{"line":2,"column":0},"end":{"line":2,"column":53}},"loc":{"start":{"line":2,"column":0},"end":{"line":2,"column":53}},"line":2},"22":{"name":"e.async","decl":{"start":{"line":2,"column":0},"end":{"line":2,"column":53}},"loc":{"start":{"line":2,"column":0},"end":{"line":2,"column":53}},"line":2},"23":{"name":"e.keys","decl":{"start":{"line":2,"column":0},"end":{"line":2,"column":53}},"loc":{"start":{"line":2,"column":0},"end":{"line":2,"column":53}},"line":2},"24":{"name":"reset","decl":{"start":{"line":2,"column":0},"end":{"line":2,"column":53}},"loc":{"start":{"line":2,"column":0},"end":{"line":2,"column":53}},"line":2},"25":{"name":"stop","decl":{"start":{"line":2,"column":0},"end":{"line":2,"column":53}},"loc":{"start":{"line":2,"column":0},"end":{"line":2,"column":53}},"line":2},"26":{"name":"dispatchException","decl":{"start":{"line":2,"column":0},"end":{"line":2,"column":53}},"loc":{"start":{"line":2,"column":0},"end":{"line":2,"column":53}},"line":2},"27":{"name":"handle","decl":{"start":{"line":2,"column":0},"end":{"line":2,"column":53}},"loc":{"start":{"line":2,"column":0},"end":{"line":2,"column":53}},"line":2},"28":{"name":"abrupt","decl":{"start":{"line":2,"column":0},"end":{"line":2,"column":53}},"loc":{"start":{"line":2,"column":0},"end":{"line":2,"column":53}},"line":2},"29":{"name":"complete","decl":{"start":{"line":2,"column":0},"end":{"line":2,"column":53}},"loc":{"start":{"line":2,"column":0},"end":{"line":2,"column":53}},"line":2},"30":{"name":"finish","decl":{"start":{"line":2,"column":0},"end":{"line":2,"column":53}},"loc":{"start":{"line":2,"column":0},"end":{"line":2,"column":53}},"line":2},"31":{"name":"_catch","decl":{"start":{"line":2,"column":0},"end":{"line":2,"column":53}},"loc":{"start":{"line":2,"column":0},"end":{"line":2,"column":53}},"line":2},"32":{"name":"delegateYield","decl":{"start":{"line":2,"column":0},"end":{"line":2,"column":53}},"loc":{"start":{"line":2,"column":0},"end":{"line":2,"column":53}},"line":2},"33":{"name":"asyncGeneratorStep","decl":{"start":{"line":2,"column":0},"end":{"line":2,"column":53}},"loc":{"start":{"line":2,"column":0},"end":{"line":2,"column":53}},"line":2},"34":{"name":"_asyncToGenerator","decl":{"start":{"line":2,"column":0},"end":{"line":2,"column":53}},"loc":{"start":{"line":2,"column":0},"end":{"line":2,"column":53}},"line":2},"35":{"name":"_next","decl":{"start":{"line":2,"column":0},"end":{"line":2,"column":53}},"loc":{"start":{"line":2,"column":0},"end":{"line":2,"column":53}},"line":2},"36":{"name":"_throw","decl":{"start":{"line":2,"column":0},"end":{"line":2,"column":53}},"loc":{"start":{"line":2,"column":0},"end":{"line":2,"column":53}},"line":2},"37":{"name":"_callee","decl":{"start":{"line":6,"column":29},"end":{"line":12,"column":74}},"loc":{"start":{"line":6,"column":29},"end":{"line":12,"column":74}},"line":6},"38":{"name":"_callee$","decl":{"start":{"line":6,"column":52},"end":{"line":12,"column":74}},"loc":{"start":{"line":6,"column":52},"end":{"line":12,"column":74}},"line":6},"39":{"name":"refreshToken","decl":{"start":{"line":24,"column":28},"end":{"line":42,"column":7}},"loc":{"start":{"line":24,"column":28},"end":{"line":42,"column":7}},"line":24},"40":{"name":"_callee2","decl":{"start":{"line":44,"column":32},"end":{"line":66,"column":33}},"loc":{"start":{"line":44,"column":32},"end":{"line":66,"column":33}},"line":44},"41":{"name":"_callee2$","decl":{"start":{"line":47,"column":-2},"end":{"line":66,"column":33}},"loc":{"start":{"line":47,"column":-2},"end":{"line":66,"column":33}},"line":47},"42":{"name":"getIngredientsApi","decl":{"start":{"line":85,"column":33},"end":{"line":91,"column":7}},"loc":{"start":{"line":85,"column":33},"end":{"line":91,"column":7}},"line":85},"43":{"name":"getFeedsApi","decl":{"start":{"line":93,"column":27},"end":{"line":99,"column":7}},"loc":{"start":{"line":93,"column":27},"end":{"line":99,"column":7}},"line":93},"44":{"name":"getOrdersApi","decl":{"start":{"line":101,"column":28},"end":{"line":111,"column":5}},"loc":{"start":{"line":101,"column":28},"end":{"line":111,"column":5}},"line":101},"45":{"name":"orderBurgerApi","decl":{"start":{"line":118,"column":30},"end":{"line":131,"column":5}},"loc":{"start":{"line":118,"column":30},"end":{"line":131,"column":5}},"line":118},"46":{"name":"getOrderByNumberApi","decl":{"start":{"line":137,"column":35},"end":{"line":143,"column":55}},"loc":{"start":{"line":137,"column":35},"end":{"line":143,"column":55}},"line":137},"47":{"name":"registerUserApi","decl":{"start":{"line":157,"column":31},"end":{"line":169,"column":7}},"loc":{"start":{"line":157,"column":31},"end":{"line":169,"column":7}},"line":157},"48":{"name":"loginUserApi","decl":{"start":{"line":176,"column":28},"end":{"line":188,"column":7}},"loc":{"start":{"line":176,"column":28},"end":{"line":188,"column":7}},"line":176},"49":{"name":"forgotPasswordApi","decl":{"start":{"line":190,"column":33},"end":{"line":202,"column":7}},"loc":{"start":{"line":190,"column":33},"end":{"line":202,"column":7}},"line":190},"50":{"name":"resetPasswordApi","decl":{"start":{"line":204,"column":32},"end":{"line":216,"column":7}},"loc":{"start":{"line":204,"column":32},"end":{"line":216,"column":7}},"line":204},"51":{"name":"getUserApi","decl":{"start":{"line":220,"column":26},"end":{"line":225,"column":5}},"loc":{"start":{"line":220,"column":26},"end":{"line":225,"column":5}},"line":220},"52":{"name":"updateUserApi","decl":{"start":{"line":227,"column":29},"end":{"line":235,"column":5}},"loc":{"start":{"line":227,"column":29},"end":{"line":235,"column":5}},"line":227},"53":{"name":"logoutApi","decl":{"start":{"line":237,"column":25},"end":{"line":246,"column":60}},"loc":{"start":{"line":237,"column":25},"end":{"line":246,"column":60}},"line":237}},"f":{"0":1,"1":1,"2":0,"3":13,"4":0,"5":32,"6":88,"7":0,"8":0,"9":0,"10":2,"11":0,"12":32,"13":0,"14":8,"15":43,"16":32,"17":1,"18":0,"19":0,"20":2,"21":0,"22":0,"23":0,"24":32,"25":32,"26":5,"27":4,"28":62,"29":62,"30":0,"31":3,"32":0,"33":57,"34":2,"35":53,"36":4,"37":24,"38":54,"39":4,"40":8,"41":34,"42":3,"43":1,"44":1,"45":1,"46":1,"47":1,"48":1,"49":1,"50":1,"51":1,"52":1,"53":1}}
,"D:\\4work\\Yandex\\stellar-burger\\src\\utils\\cookie.ts": {"path":"D:\\4work\\Yandex\\stellar-burger\\src\\utils\\cookie.ts","all":false,"statementMap":{"0":{"start":{"line":1,"column":0},"end":{"line":1,"column":61}},"1":{"start":{"line":2,"column":0},"end":{"line":2,"column":40}},"2":{"start":{"line":3,"column":0},"end":{"line":3,"column":15}},"3":{"start":{"line":4,"column":0},"end":{"line":4,"column":18}},"4":{"start":{"line":5,"column":0},"end":{"line":5,"column":62}},"5":{"start":{"line":6,"column":0},"end":{"line":6,"column":18}},"6":{"start":{"line":7,"column":0},"end":{"line":7,"column":5}},"7":{"start":{"line":8,"column":0},"end":{"line":8,"column":4}},"8":{"start":{"line":9,"column":0},"end":{"line":9,"column":62}},"9":{"start":{"line":10,"column":0},"end":{"line":10,"column":1}},"10":{"start":{"line":11,"column":0},"end":{"line":11,"column":0}},"11":{"start":{"line":12,"column":0},"end":{"line":12,"column":26}},"12":{"start":{"line":13,"column":0},"end":{"line":13,"column":15}},"13":{"start":{"line":14,"column":0},"end":{"line":14,"column":16}},"14":{"start":{"line":15,"column":0},"end":{"line":15,"column":65}},"15":{"start":{"line":16,"column":0},"end":{"line":16,"column":3}},"16":{"start":{"line":17,"column":0},"end":{"line":17,"column":11}},"17":{"start":{"line":18,"column":0},"end":{"line":18,"column":14}},"18":{"start":{"line":19,"column":0},"end":{"line":19,"column":12}},"19":{"start":{"line":20,"column":0},"end":{"line":20,"column":4}},"20":{"start":{"line":21,"column":0},"end":{"line":21,"column":0}},"21":{"start":{"line":22,"column":0},"end":{"line":22,"column":26}},"22":{"start":{"line":23,"column":0},"end":{"line":23,"column":39}},"23":{"start":{"line":24,"column":0},"end":{"line":24,"column":25}},"24":{"start":{"line":25,"column":0},"end":{"line":25,"column":40}},"25":{"start":{"line":26,"column":0},"end":{"line":26,"column":28}},"26":{"start":{"line":27,"column":0},"end":{"line":27,"column":3}},"27":{"start":{"line":28,"column":0},"end":{"line":28,"column":0}},"28":{"start":{"line":29,"column":0},"end":{"line":29,"column":35}},"29":{"start":{"line":30,"column":0},"end":{"line":30,"column":38}},"30":{"start":{"line":31,"column":0},"end":{"line":31,"column":3}},"31":{"start":{"line":32,"column":0},"end":{"line":32,"column":36}},"32":{"start":{"line":33,"column":0},"end":{"line":33,"column":41}},"33":{"start":{"line":34,"column":0},"end":{"line":34,"column":33}},"34":{"start":{"line":35,"column":0},"end":{"line":35,"column":37}},"35":{"start":{"line":36,"column":0},"end":{"line":36,"column":38}},"36":{"start":{"line":37,"column":0},"end":{"line":37,"column":29}},"37":{"start":{"line":38,"column":0},"end":{"line":38,"column":39}},"38":{"start":{"line":39,"column":0},"end":{"line":39,"column":5}},"39":{"start":{"line":40,"column":0},"end":{"line":40,"column":3}},"40":{"start":{"line":41,"column":0},"end":{"line":41,"column":34}},"41":{"start":{"line":42,"column":0},"end":{"line":42,"column":1}},"42":{"start":{"line":43,"column":0},"end":{"line":43,"column":0}},"43":{"start":{"line":44,"column":0},"end":{"line":44,"column":44}},"44":{"start":{"line":45,"column":0},"end":{"line":45,"column":39}},"45":{"start":{"line":46,"column":0},"end":{"line":46,"column":1}}},"s":{"0":1,"1":3,"2":3,"3":3,"4":3,"5":3,"6":3,"7":3,"8":3,"9":3,"10":1,"11":1,"12":5,"13":5,"14":5,"15":5,"16":5,"17":5,"18":5,"19":5,"20":5,"21":5,"22":5,"23":2,"24":2,"25":2,"26":2,"27":5,"28":5,"29":3,"30":3,"31":5,"32":5,"33":5,"34":9,"35":9,"36":9,"37":8,"38":8,"39":9,"40":5,"41":5,"42":1,"43":1,"44":1,"45":1},"branchMap":{"0":{"type":"branch","line":1,"loc":{"start":{"line":1,"column":7},"end":{"line":10,"column":1}},"locations":[{"start":{"line":1,"column":7},"end":{"line":10,"column":1}}]},"1":{"type":"branch","line":9,"loc":{"start":{"line":9,"column":16},"end":{"line":9,"column":49}},"locations":[{"start":{"line":9,"column":16},"end":{"line":9,"column":49}}]},"2":{"type":"branch","line":9,"loc":{"start":{"line":9,"column":49},"end":{"line":9,"column":61}},"locations":[{"start":{"line":9,"column":49},"end":{"line":9,"column":61}}]},"3":{"type":"branch","line":12,"loc":{"start":{"line":12,"column":7},"end":{"line":42,"column":1}},"locations":[{"start":{"line":12,"column":7},"end":{"line":42,"column":1}}]},"4":{"type":"branch","line":15,"loc":{"start":{"line":15,"column":60},"end":{"line":15,"column":63}},"locations":[{"start":{"line":15,"column":60},"end":{"line":15,"column":63}}]},"5":{"type":"branch","line":15,"loc":{"start":{"line":15,"column":60},"end":{"line":15,"column":63}},"locations":[{"start":{"line":15,"column":60},"end":{"line":15,"column":63}}]},"6":{"type":"branch","line":15,"loc":{"start":{"line":15,"column":60},"end":{"line":15,"column":65}},"locations":[{"start":{"line":15,"column":60},"end":{"line":15,"column":65}}]},"7":{"type":"branch","line":23,"loc":{"start":{"line":23,"column":9},"end":{"line":23,"column":36}},"locations":[{"start":{"line":23,"column":9},"end":{"line":23,"column":36}}]},"8":{"type":"branch","line":23,"loc":{"start":{"line":23,"column":38},"end":{"line":27,"column":3}},"locations":[{"start":{"line":23,"column":38},"end":{"line":27,"column":3}}]},"9":{"type":"branch","line":29,"loc":{"start":{"line":29,"column":9},"end":{"line":29,"column":32}},"locations":[{"start":{"line":29,"column":9},"end":{"line":29,"column":32}}]},"10":{"type":"branch","line":29,"loc":{"start":{"line":29,"column":34},"end":{"line":31,"column":3}},"locations":[{"start":{"line":29,"column":34},"end":{"line":31,"column":3}}]},"11":{"type":"branch","line":34,"loc":{"start":{"line":34,"column":32},"end":{"line":40,"column":3}},"locations":[{"start":{"line":34,"column":32},"end":{"line":40,"column":3}}]},"12":{"type":"branch","line":37,"loc":{"start":{"line":37,"column":28},"end":{"line":39,"column":5}},"locations":[{"start":{"line":37,"column":28},"end":{"line":39,"column":5}}]},"13":{"type":"branch","line":44,"loc":{"start":{"line":44,"column":7},"end":{"line":46,"column":1}},"locations":[{"start":{"line":44,"column":7},"end":{"line":46,"column":1}}]}},"b":{"0":[3],"1":[2],"2":[1],"3":[5],"4":[3],"5":[3],"6":[2],"7":[3],"8":[2],"9":[3],"10":[3],"11":[9],"12":[8],"13":[1]},"fnMap":{"0":{"name":"getCookie","decl":{"start":{"line":1,"column":7},"end":{"line":10,"column":1}},"loc":{"start":{"line":1,"column":7},"end":{"line":10,"column":1}},"line":1},"1":{"name":"setCookie","decl":{"start":{"line":12,"column":7},"end":{"line":42,"column":1}},"loc":{"start":{"line":12,"column":7},"end":{"line":42,"column":1}},"line":12},"2":{"name":"deleteCookie","decl":{"start":{"line":44,"column":7},"end":{"line":46,"column":1}},"loc":{"start":{"line":44,"column":7},"end":{"line":46,"column":1}},"line":44}},"f":{"0":3,"1":5,"2":1}}
}
