TN:
SF:src\services\root-reducer\root-reducer.ts
FNF:0
FNH:0
DA:1,1
DA:2,1
DA:3,1
DA:4,1
DA:5,1
DA:6,1
DA:7,1
DA:8,1
DA:9,1
DA:10,1
DA:11,1
DA:12,1
DA:13,1
DA:14,1
LF:14
LH:14
BRF:0
BRH:0
end_of_record
TN:
SF:src\services\slices\authSlice\auth-slice.ts
FN:2,asyncGeneratorStep
FN:2,_asyncToGenerator
FN:2,_next
FN:2,_throw
FN:37,_callee
FN:37,_callee$
FN:52,_callee2
FN:52,_callee2$
FN:65,_callee3
FN:65,_callee3$
FN:78,_callee4
FN:78,_callee4$
FN:91,_callee5
FN:91,_callee5$
FN:110,clearAuth
FN:117,extraReducers
FNF:16
FNH:16
FNDA:18,asyncGeneratorStep
FNDA:5,_asyncToGenerator
FNDA:15,_next
FNDA:3,_throw
FNDA:2,_callee
FNDA:6,_callee$
FNDA:2,_callee2
FNDA:6,_callee2$
FNDA:1,_callee3
FNDA:3,_callee3$
FNDA:1,_callee4
FNDA:2,_callee4$
FNDA:2,_callee5
FNDA:8,_callee5$
FNDA:1,clearAuth
FNDA:1,extraReducers
DA:1,1
DA:2,3
DA:3,1
DA:4,1
DA:5,1
DA:6,1
DA:7,1
DA:8,1
DA:9,1
DA:10,1
DA:11,1
DA:12,1
DA:13,1
DA:14,1
DA:15,1
DA:16,1
DA:17,1
DA:18,1
DA:19,1
DA:20,1
DA:21,1
DA:22,1
DA:23,1
DA:24,1
DA:25,1
DA:26,1
DA:27,1
DA:28,1
DA:29,1
DA:30,1
DA:31,1
DA:32,1
DA:33,1
DA:34,1
DA:35,1
DA:36,1
DA:37,1
DA:38,2
DA:39,2
DA:40,1
DA:41,1
DA:42,1
DA:43,1
DA:44,1
DA:45,1
DA:46,1
DA:47,1
DA:48,1
DA:49,1
DA:50,1
DA:51,1
DA:52,1
DA:53,2
DA:54,2
DA:55,1
DA:56,1
DA:57,1
DA:58,1
DA:59,1
DA:60,1
DA:61,1
DA:62,1
DA:63,1
DA:64,1
DA:65,1
DA:66,1
DA:67,1
DA:68,1
DA:69,1
DA:70,1
DA:71,0
DA:72,0
DA:73,1
DA:74,1
DA:75,1
DA:76,1
DA:77,1
DA:78,1
DA:79,1
DA:80,1
DA:81,1
DA:82,1
DA:83,0
DA:84,0
DA:85,1
DA:86,1
DA:87,1
DA:88,1
DA:89,1
DA:90,1
DA:91,1
DA:92,2
DA:93,2
DA:94,1
DA:95,1
DA:96,1
DA:97,1
DA:98,1
DA:99,1
DA:100,0
DA:101,0
DA:102,1
DA:103,1
DA:104,1
DA:105,1
DA:106,1
DA:107,1
DA:108,1
DA:109,1
DA:110,1
DA:111,1
DA:112,1
DA:113,1
DA:114,1
DA:115,1
DA:116,1
DA:117,1
DA:118,1
DA:119,1
DA:120,0
DA:121,0
DA:122,1
DA:123,1
DA:124,0
DA:125,0
DA:126,0
DA:127,1
DA:128,1
DA:129,0
DA:130,0
DA:131,1
DA:132,1
DA:133,0
DA:134,0
DA:135,1
DA:136,1
DA:137,0
DA:138,1
DA:139,1
DA:140,0
DA:141,0
DA:142,1
DA:143,1
DA:144,0
DA:145,0
DA:146,0
DA:147,1
DA:148,1
DA:149,0
DA:150,1
DA:151,1
DA:152,0
DA:153,1
DA:154,1
DA:155,0
DA:156,1
DA:157,1
DA:158,1
DA:159,1
DA:160,1
DA:161,1
LF:161
LH:137
BRDA:2,0,0,18
BRDA:2,1,0,0
BRDA:2,2,0,8
BRDA:2,3,0,10
BRDA:2,4,0,5
BRDA:2,5,0,8
BRDA:2,6,0,8
BRDA:2,7,0,15
BRDA:2,8,0,3
BRDA:37,9,0,1
BRDA:37,10,0,2
BRDA:37,11,0,6
BRDA:37,12,0,2
BRDA:39,13,0,1
BRDA:42,14,0,1
BRDA:44,15,0,0
BRDA:44,16,0,0
BRDA:44,17,0,2
BRDA:46,18,0,2
BRDA:52,19,0,1
BRDA:52,20,0,2
BRDA:52,21,0,6
BRDA:52,22,0,2
BRDA:54,23,0,1
BRDA:55,24,0,1
BRDA:57,25,0,0
BRDA:57,26,0,0
BRDA:57,27,0,2
BRDA:59,28,0,2
BRDA:65,29,0,1
BRDA:65,30,0,1
BRDA:65,31,0,3
BRDA:65,32,0,1
BRDA:67,33,0,1
BRDA:70,34,0,0
BRDA:72,35,0,0
BRDA:72,36,0,1
BRDA:74,37,0,1
BRDA:77,38,0,1
BRDA:78,39,0,1
BRDA:78,40,0,2
BRDA:78,41,0,3
BRDA:78,42,0,1
BRDA:80,43,0,1
BRDA:83,44,0,0
BRDA:84,45,0,1
BRDA:84,46,0,1
BRDA:90,47,0,1
BRDA:91,48,0,2
BRDA:91,49,0,8
BRDA:91,50,0,2
BRDA:93,51,0,1
BRDA:94,52,0,1
BRDA:96,53,0,0
BRDA:97,54,0,1
BRDA:98,55,0,1
BRDA:99,56,0,0
BRDA:101,57,0,0
BRDA:101,58,0,2
BRDA:110,59,0,1
BRDA:117,60,0,1
BRF:61
BRH:50
end_of_record
TN:
SF:src\services\slices\burgerSlice\burger-slice.ts
FN:2,asyncGeneratorStep
FN:2,_asyncToGenerator
FN:2,_next
FN:2,_throw
FN:28,_callee
FN:28,_callee$
FN:46,addBun
FN:49,addIngredient
FN:69,removeIngredient
FN:81,clearConstructor
FN:85,closeOrderModal
FN:89,moveIngredient
FN:99,extraReducers
FNF:13
FNH:10
FNDA:4,asyncGeneratorStep
FNDA:1,_asyncToGenerator
FNDA:3,_next
FNDA:1,_throw
FNDA:2,_callee
FNDA:6,_callee$
FNDA:0,addBun
FNDA:1,addIngredient
FNDA:0,removeIngredient
FNDA:1,clearConstructor
FNDA:1,closeOrderModal
FNDA:0,moveIngredient
FNDA:1,extraReducers
DA:1,1
DA:2,1
DA:3,1
DA:4,1
DA:5,1
DA:6,1
DA:7,1
DA:8,1
DA:9,1
DA:10,1
DA:11,1
DA:12,1
DA:13,1
DA:14,1
DA:15,1
DA:16,1
DA:17,1
DA:18,1
DA:19,1
DA:20,1
DA:21,1
DA:22,1
DA:23,1
DA:24,1
DA:25,1
DA:26,1
DA:27,1
DA:28,1
DA:29,2
DA:30,2
DA:31,1
DA:32,1
DA:33,1
DA:34,1
DA:35,1
DA:36,1
DA:37,1
DA:38,1
DA:39,1
DA:40,1
DA:41,1
DA:42,1
DA:43,1
DA:44,1
DA:45,1
DA:46,1
DA:47,0
DA:48,1
DA:49,1
DA:50,1
DA:51,1
DA:52,1
DA:53,1
DA:54,1
DA:55,0
DA:56,0
DA:57,0
DA:58,0
DA:59,0
DA:60,0
DA:61,0
DA:62,1
DA:63,1
DA:64,1
DA:65,1
DA:66,1
DA:67,1
DA:68,1
DA:69,1
DA:70,0
DA:71,0
DA:72,0
DA:73,0
DA:74,0
DA:75,0
DA:76,0
DA:77,0
DA:78,0
DA:79,0
DA:80,1
DA:81,1
DA:82,1
DA:83,1
DA:84,1
DA:85,1
DA:86,1
DA:87,1
DA:88,1
DA:89,1
DA:90,0
DA:91,0
DA:92,0
DA:93,0
DA:94,0
DA:95,0
DA:96,0
DA:97,0
DA:98,1
DA:99,1
DA:100,1
DA:101,1
DA:102,0
DA:103,0
DA:104,1
DA:105,1
DA:106,0
DA:107,0
DA:108,0
DA:109,0
DA:110,1
DA:111,1
DA:112,0
DA:113,0
DA:114,1
DA:115,1
DA:116,1
DA:117,1
DA:118,1
DA:119,1
DA:120,1
DA:121,1
DA:122,1
DA:123,1
DA:124,1
DA:125,1
DA:126,1
DA:127,1
LF:127
LH:93
BRDA:2,0,0,4
BRDA:2,1,0,0
BRDA:2,2,0,2
BRDA:2,3,0,1
BRDA:2,4,0,2
BRDA:2,5,0,2
BRDA:2,6,0,3
BRDA:2,7,0,1
BRDA:27,8,0,1
BRDA:28,9,0,2
BRDA:28,10,0,6
BRDA:28,11,0,2
BRDA:30,12,0,1
BRDA:35,13,0,1
BRDA:37,14,0,0
BRDA:37,15,0,2
BRDA:49,16,0,1
BRDA:54,17,0,0
BRDA:81,18,0,1
BRDA:85,19,0,1
BRDA:99,20,0,1
BRF:21
BRH:18
end_of_record
TN:
SF:src\services\slices\feedSlice\feed-slice.ts
FN:2,asyncGeneratorStep
FN:2,_asyncToGenerator
FN:2,_next
FN:2,_throw
FN:24,countTodayOrders
FN:33,_callee
FN:40,_callee2
FN:49,_callee3
FN:49,_callee3$
FN:62,addOrder
FN:68,extraReducers
FNF:11
FNH:8
FNDA:4,asyncGeneratorStep
FNDA:3,_asyncToGenerator
FNDA:3,_next
FNDA:1,_throw
FNDA:0,countTodayOrders
FNDA:0,_callee
FNDA:0,_callee2
FNDA:2,_callee3
FNDA:6,_callee3$
FNDA:1,addOrder
FNDA:1,extraReducers
DA:1,1
DA:2,1
DA:3,1
DA:4,1
DA:5,1
DA:6,1
DA:7,1
DA:8,1
DA:9,1
DA:10,1
DA:11,1
DA:12,1
DA:13,1
DA:14,1
DA:15,1
DA:16,1
DA:17,1
DA:18,1
DA:19,1
DA:20,1
DA:21,1
DA:22,1
DA:23,1
DA:24,1
DA:25,0
DA:26,0
DA:27,0
DA:28,0
DA:29,0
DA:30,1
DA:31,1
DA:32,1
DA:33,1
DA:34,0
DA:35,0
DA:36,0
DA:37,1
DA:38,1
DA:39,1
DA:40,1
DA:41,0
DA:42,0
DA:43,1
DA:44,1
DA:45,1
DA:46,1
DA:47,1
DA:48,1
DA:49,1
DA:50,2
DA:51,2
DA:52,1
DA:53,1
DA:54,1
DA:55,1
DA:56,1
DA:57,1
DA:58,1
DA:59,1
DA:60,1
DA:61,1
DA:62,1
DA:63,1
DA:64,1
DA:65,1
DA:66,1
DA:67,1
DA:68,1
DA:69,1
DA:70,1
DA:71,1
DA:72,1
DA:73,1
DA:74,1
DA:75,1
DA:76,1
DA:77,1
DA:78,1
DA:79,2
DA:80,2
DA:81,1
DA:82,1
DA:83,0
DA:84,0
DA:85,1
DA:86,1
DA:87,1
DA:88,1
DA:89,1
DA:90,1
DA:91,1
DA:92,1
DA:93,0
DA:94,0
DA:95,1
DA:96,1
DA:97,0
DA:98,0
DA:99,1
DA:100,1
DA:101,0
DA:102,0
DA:103,0
DA:104,0
DA:105,0
DA:106,0
DA:107,0
DA:108,0
DA:109,1
DA:110,1
DA:111,0
DA:112,0
DA:113,1
DA:114,1
DA:115,1
DA:116,1
DA:117,1
DA:118,1
LF:118
LH:92
BRDA:2,0,0,4
BRDA:2,1,0,0
BRDA:2,2,0,2
BRDA:2,3,0,3
BRDA:2,4,0,2
BRDA:2,5,0,2
BRDA:2,6,0,3
BRDA:2,7,0,1
BRDA:32,8,0,1
BRDA:49,9,0,1
BRDA:49,10,0,2
BRDA:49,11,0,6
BRDA:49,12,0,2
BRDA:51,13,0,1
BRDA:52,14,0,1
BRDA:54,15,0,0
BRDA:54,16,0,0
BRDA:54,17,0,2
BRDA:56,18,0,2
BRDA:62,19,0,1
BRDA:68,20,0,1
BRDA:70,21,0,1
BRDA:74,22,0,1
BRDA:78,23,0,2
BRDA:80,24,0,1
BRDA:80,25,0,1
BRDA:86,26,0,1
BRF:27
BRH:24
end_of_record
TN:
SF:src\services\slices\ingredientsSlice\ingredients-slice.ts
FN:2,_regeneratorRuntime
FN:2,o
FN:2,define
FN:2,define
FN:2,wrap
FN:2,tryCatch
FN:2,Generator
FN:2,GeneratorFunction
FN:2,GeneratorFunctionPrototype
FN:2,defineIteratorMethods
FN:2,AsyncIterator
FN:2,makeInvokeMethod
FN:2,maybeInvokeDelegate
FN:2,pushTryEntry
FN:2,resetTryEntry
FN:2,Context
FN:2,values
FN:2,next
FN:2,e.isGeneratorFunction
FN:2,e.mark
FN:2,e.awrap
FN:2,e.async
FN:2,e.keys
FN:2,reset
FN:2,stop
FN:2,dispatchException
FN:2,handle
FN:2,abrupt
FN:2,complete
FN:2,finish
FN:2,_catch
FN:2,delegateYield
FN:2,asyncGeneratorStep
FN:2,_asyncToGenerator
FN:2,_next
FN:2,_throw
FN:19,_callee
FN:19,_callee$
FN:29,extraReducers
FNF:39
FNH:23
FNDA:2,_regeneratorRuntime
FNDA:0,o
FNDA:13,define
FNDA:0,define
FNDA:2,wrap
FNDA:5,tryCatch
FNDA:0,Generator
FNDA:0,GeneratorFunction
FNDA:0,GeneratorFunctionPrototype
FNDA:2,defineIteratorMethods
FNDA:0,AsyncIterator
FNDA:2,makeInvokeMethod
FNDA:0,maybeInvokeDelegate
FNDA:0,pushTryEntry
FNDA:2,resetTryEntry
FNDA:2,Context
FNDA:1,values
FNDA:0,next
FNDA:0,e.isGeneratorFunction
FNDA:1,e.mark
FNDA:0,e.awrap
FNDA:0,e.async
FNDA:0,e.keys
FNDA:2,reset
FNDA:2,stop
FNDA:2,dispatchException
FNDA:1,handle
FNDA:2,abrupt
FNDA:2,complete
FNDA:0,finish
FNDA:0,_catch
FNDA:0,delegateYield
FNDA:4,asyncGeneratorStep
FNDA:1,_asyncToGenerator
FNDA:3,_next
FNDA:1,_throw
FNDA:2,_callee
FNDA:5,_callee$
FNDA:1,extraReducers
DA:1,1
DA:2,1
DA:3,1
DA:4,1
DA:5,1
DA:6,1
DA:7,1
DA:8,1
DA:9,1
DA:10,1
DA:11,1
DA:12,1
DA:13,1
DA:14,1
DA:15,1
DA:16,1
DA:17,1
DA:18,1
DA:19,1
DA:20,2
DA:21,1
DA:22,2
DA:23,1
DA:24,1
DA:25,1
DA:26,1
DA:27,1
DA:28,1
DA:29,1
DA:30,1
DA:31,1
DA:32,1
DA:33,1
DA:34,1
DA:35,1
DA:36,1
DA:37,1
DA:38,1
DA:39,1
DA:40,1
DA:41,1
DA:42,1
DA:43,1
DA:44,1
DA:45,1
DA:46,1
LF:46
LH:46
BRDA:2,0,0,0
BRDA:2,1,0,0
BRDA:2,2,0,0
BRDA:2,3,0,0
BRDA:2,4,0,0
BRDA:2,5,0,0
BRDA:2,6,0,2
BRDA:2,7,0,13
BRDA:2,8,0,2
BRDA:2,9,0,0
BRDA:2,10,0,5
BRDA:2,11,0,1
BRDA:2,12,0,2
BRDA:2,13,0,6
BRDA:2,14,0,4
BRDA:2,15,0,2
BRDA:2,16,0,4
BRDA:2,17,0,0
BRDA:2,18,0,0
BRDA:2,19,0,6
BRDA:2,20,0,0
BRDA:2,21,0,3
BRDA:2,22,0,2
BRDA:2,23,0,0
BRDA:2,24,0,1
BRDA:2,25,0,5
BRDA:2,26,0,4
BRDA:2,27,0,1
BRDA:2,28,0,3
BRDA:2,29,0,1
BRDA:2,30,0,3
BRDA:2,31,0,1
BRDA:2,32,0,2
BRDA:2,33,0,2
BRDA:2,34,0,1
BRDA:2,35,0,0
BRDA:2,36,0,0
BRDA:2,37,0,0
BRDA:2,38,0,1
BRDA:2,39,0,0
BRDA:2,40,0,2
BRDA:2,41,0,0
BRDA:2,42,0,2
BRDA:2,43,0,1
BRDA:2,44,0,2
BRDA:2,45,0,1
BRDA:2,46,0,0
BRDA:2,47,0,1
BRDA:2,48,0,0
BRDA:2,49,0,2
BRDA:2,50,0,0
BRDA:2,51,0,0
BRDA:2,52,0,0
BRDA:2,53,0,0
BRDA:2,54,0,0
BRDA:2,55,0,0
BRDA:2,56,0,0
BRDA:2,57,0,0
BRDA:2,58,0,0
BRDA:2,59,0,2
BRDA:2,60,0,0
BRDA:2,61,0,0
BRDA:2,62,0,0
BRDA:2,63,0,4
BRDA:2,64,0,1
BRDA:2,65,0,3
BRDA:2,66,0,1
BRDA:2,67,0,2
BRDA:2,68,0,1
BRDA:2,69,0,2
BRDA:2,70,0,2
BRDA:2,71,0,3
BRDA:2,72,0,1
BRDA:19,73,0,2
BRDA:19,74,0,5
BRDA:19,75,0,2
BRDA:20,76,0,1
BRDA:21,77,0,0
BRDA:21,78,0,2
BRDA:29,79,0,1
BRDA:31,80,0,1
BRDA:35,81,0,1
BRDA:39,82,0,1
BRDA:41,83,0,0
BRF:84
BRH:52
end_of_record
TN:
SF:src\utils\burger-api.ts
FN:2,_regeneratorRuntime
FN:2,_regeneratorRuntime
FN:2,o
FN:2,define
FN:2,define
FN:2,wrap
FN:2,tryCatch
FN:2,Generator
FN:2,GeneratorFunction
FN:2,GeneratorFunctionPrototype
FN:2,defineIteratorMethods
FN:2,AsyncIterator
FN:2,makeInvokeMethod
FN:2,maybeInvokeDelegate
FN:2,pushTryEntry
FN:2,resetTryEntry
FN:2,Context
FN:2,values
FN:2,next
FN:2,e.isGeneratorFunction
FN:2,e.mark
FN:2,e.awrap
FN:2,e.async
FN:2,e.keys
FN:2,reset
FN:2,stop
FN:2,dispatchException
FN:2,handle
FN:2,abrupt
FN:2,complete
FN:2,finish
FN:2,_catch
FN:2,delegateYield
FN:2,asyncGeneratorStep
FN:2,_asyncToGenerator
FN:2,_next
FN:2,_throw
FN:6,_callee
FN:6,_callee$
FN:24,refreshToken
FN:44,_callee2
FN:47,_callee2$
FN:85,getIngredientsApi
FN:93,getFeedsApi
FN:101,getOrdersApi
FN:118,orderBurgerApi
FN:137,getOrderByNumberApi
FN:157,registerUserApi
FN:176,loginUserApi
FN:190,forgotPasswordApi
FN:204,resetPasswordApi
FN:220,getUserApi
FN:227,updateUserApi
FN:237,logoutApi
FNF:54
FNH:40
FNDA:1,_regeneratorRuntime
FNDA:1,_regeneratorRuntime
FNDA:0,o
FNDA:13,define
FNDA:0,define
FNDA:32,wrap
FNDA:88,tryCatch
FNDA:0,Generator
FNDA:0,GeneratorFunction
FNDA:0,GeneratorFunctionPrototype
FNDA:2,defineIteratorMethods
FNDA:0,AsyncIterator
FNDA:32,makeInvokeMethod
FNDA:0,maybeInvokeDelegate
FNDA:8,pushTryEntry
FNDA:43,resetTryEntry
FNDA:32,Context
FNDA:1,values
FNDA:0,next
FNDA:0,e.isGeneratorFunction
FNDA:2,e.mark
FNDA:0,e.awrap
FNDA:0,e.async
FNDA:0,e.keys
FNDA:32,reset
FNDA:32,stop
FNDA:5,dispatchException
FNDA:4,handle
FNDA:62,abrupt
FNDA:62,complete
FNDA:0,finish
FNDA:3,_catch
FNDA:0,delegateYield
FNDA:57,asyncGeneratorStep
FNDA:2,_asyncToGenerator
FNDA:53,_next
FNDA:4,_throw
FNDA:24,_callee
FNDA:54,_callee$
FNDA:4,refreshToken
FNDA:8,_callee2
FNDA:34,_callee2$
FNDA:3,getIngredientsApi
FNDA:1,getFeedsApi
FNDA:1,getOrdersApi
FNDA:1,orderBurgerApi
FNDA:1,getOrderByNumberApi
FNDA:1,registerUserApi
FNDA:1,loginUserApi
FNDA:1,forgotPasswordApi
FNDA:1,resetPasswordApi
FNDA:1,getUserApi
FNDA:1,updateUserApi
FNDA:1,logoutApi
DA:1,1
DA:2,4
DA:3,1
DA:4,1
DA:5,1
DA:6,1
DA:7,24
DA:8,18
DA:9,6
DA:10,6
DA:11,6
DA:12,6
DA:13,1
DA:14,1
DA:15,1
DA:16,1
DA:17,1
DA:18,1
DA:19,1
DA:20,1
DA:21,1
DA:22,1
DA:23,1
DA:24,1
DA:25,4
DA:26,4
DA:27,4
DA:28,4
DA:29,4
DA:30,4
DA:31,4
DA:32,4
DA:33,4
DA:34,4
DA:35,4
DA:36,2
DA:37,0
DA:38,0
DA:39,2
DA:40,2
DA:41,2
DA:42,4
DA:43,1
DA:44,1
DA:45,8
DA:46,8
DA:47,8
DA:48,8
DA:49,8
DA:50,7
DA:51,3
DA:52,3
DA:53,2
DA:54,1
DA:55,1
DA:56,1
DA:57,1
DA:58,1
DA:59,1
DA:60,1
DA:61,1
DA:62,1
DA:63,1
DA:64,1
DA:65,1
DA:66,1
DA:67,1
DA:68,1
DA:69,1
DA:70,1
DA:71,1
DA:72,1
DA:73,1
DA:74,1
DA:75,1
DA:76,1
DA:77,1
DA:78,1
DA:79,1
DA:80,1
DA:81,1
DA:82,1
DA:83,1
DA:84,1
DA:85,1
DA:86,3
DA:87,3
DA:88,3
DA:89,2
DA:90,1
DA:91,3
DA:92,1
DA:93,1
DA:94,1
DA:95,1
DA:96,1
DA:97,1
DA:98,0
DA:99,1
DA:100,1
DA:101,1
DA:102,1
DA:103,1
DA:104,1
DA:105,1
DA:106,1
DA:107,1
DA:108,1
DA:109,1
DA:110,0
DA:111,1
DA:112,1
DA:113,1
DA:114,1
DA:115,1
DA:116,1
DA:117,1
DA:118,1
DA:119,1
DA:120,1
DA:121,1
DA:122,1
DA:123,1
DA:124,1
DA:125,1
DA:126,1
DA:127,1
DA:128,1
DA:129,1
DA:130,0
DA:131,1
DA:132,1
DA:133,1
DA:134,1
DA:135,1
DA:136,1
DA:137,1
DA:138,1
DA:139,1
DA:140,1
DA:141,1
DA:142,1
DA:143,1
DA:144,1
DA:145,1
DA:146,1
DA:147,1
DA:148,1
DA:149,1
DA:150,1
DA:151,1
DA:152,1
DA:153,1
DA:154,1
DA:155,1
DA:156,1
DA:157,1
DA:158,1
DA:159,1
DA:160,1
DA:161,1
DA:162,1
DA:163,1
DA:164,1
DA:165,1
DA:166,1
DA:167,1
DA:168,0
DA:169,1
DA:170,1
DA:171,1
DA:172,1
DA:173,1
DA:174,1
DA:175,1
DA:176,1
DA:177,1
DA:178,1
DA:179,1
DA:180,1
DA:181,1
DA:182,1
DA:183,1
DA:184,1
DA:185,1
DA:186,1
DA:187,0
DA:188,1
DA:189,1
DA:190,1
DA:191,1
DA:192,1
DA:193,1
DA:194,1
DA:195,1
DA:196,1
DA:197,1
DA:198,1
DA:199,1
DA:200,1
DA:201,0
DA:202,1
DA:203,1
DA:204,1
DA:205,1
DA:206,1
DA:207,1
DA:208,1
DA:209,1
DA:210,1
DA:211,1
DA:212,1
DA:213,1
DA:214,1
DA:215,0
DA:216,1
DA:217,1
DA:218,1
DA:219,1
DA:220,1
DA:221,1
DA:222,1
DA:223,1
DA:224,1
DA:225,1
DA:226,1
DA:227,1
DA:228,1
DA:229,1
DA:230,1
DA:231,1
DA:232,1
DA:233,1
DA:234,1
DA:235,1
DA:236,1
DA:237,1
DA:238,1
DA:239,1
DA:240,1
DA:241,1
DA:242,1
DA:243,1
DA:244,1
DA:245,1
DA:246,1
LF:246
LH:237
BRDA:2,0,0,1
BRDA:2,1,0,0
BRDA:2,2,0,0
BRDA:2,3,0,0
BRDA:2,4,0,0
BRDA:2,5,0,0
BRDA:2,6,0,0
BRDA:2,7,0,1
BRDA:2,8,0,13
BRDA:2,9,0,32
BRDA:2,10,0,0
BRDA:2,11,0,24
BRDA:2,12,0,88
BRDA:2,13,0,1
BRDA:2,14,0,2
BRDA:2,15,0,6
BRDA:2,16,0,57
BRDA:2,17,0,32
BRDA:2,18,0,57
BRDA:2,19,0,0
BRDA:2,20,0,0
BRDA:2,21,0,89
BRDA:2,22,0,0
BRDA:2,23,0,53
BRDA:2,24,0,36
BRDA:2,25,0,5
BRDA:2,26,0,0
BRDA:2,27,0,31
BRDA:2,28,0,88
BRDA:2,29,0,87
BRDA:2,30,0,31
BRDA:2,31,0,56
BRDA:2,32,0,31
BRDA:2,33,0,56
BRDA:2,34,0,1
BRDA:2,35,0,8
BRDA:2,36,0,0
BRDA:2,37,0,43
BRDA:2,38,0,40
BRDA:2,39,0,32
BRDA:2,40,0,1
BRDA:2,41,0,0
BRDA:2,42,0,0
BRDA:2,43,0,0
BRDA:2,44,0,2
BRDA:2,45,0,0
BRDA:2,46,0,32
BRDA:2,47,0,0
BRDA:2,48,0,32
BRDA:2,49,0,1
BRDA:2,50,0,31
BRDA:2,51,0,5
BRDA:2,52,0,1
BRDA:2,53,0,4
BRDA:2,54,0,1
BRDA:2,55,0,4
BRDA:2,56,0,0
BRDA:2,57,0,3
BRDA:2,58,0,0
BRDA:2,59,0,4
BRDA:2,60,0,3
BRDA:2,61,0,62
BRDA:2,62,0,76
BRDA:2,63,0,14
BRDA:2,64,0,0
BRDA:2,65,0,0
BRDA:2,66,0,0
BRDA:2,67,0,0
BRDA:2,68,0,0
BRDA:2,69,0,0
BRDA:2,70,0,0
BRDA:2,71,0,0
BRDA:2,72,0,62
BRDA:2,73,0,0
BRDA:2,74,0,0
BRDA:2,75,0,0
BRDA:2,76,0,3
BRDA:2,77,0,0
BRDA:2,78,0,57
BRDA:2,79,0,1
BRDA:2,80,0,56
BRDA:2,81,0,31
BRDA:2,82,0,25
BRDA:2,83,0,2
BRDA:2,84,0,32
BRDA:2,85,0,32
BRDA:2,86,0,53
BRDA:2,87,0,4
BRDA:6,88,0,1
BRDA:6,89,0,24
BRDA:6,90,0,54
BRDA:6,91,0,60
BRDA:6,92,0,24
BRDA:7,93,0,6
BRDA:7,94,0,18
BRDA:8,95,0,6
BRDA:10,96,0,6
BRDA:12,97,0,1
BRDA:12,98,0,0
BRDA:12,99,0,24
BRDA:24,100,0,4
BRDA:34,101,0,3
BRDA:35,102,0,2
BRDA:36,103,0,0
BRDA:44,104,0,1
BRDA:44,105,0,8
BRDA:47,106,0,34
BRDA:47,107,0,35
BRDA:47,108,0,8
BRDA:49,109,0,7
BRDA:50,110,0,5
BRDA:50,111,0,3
BRDA:52,112,0,1
BRDA:52,113,0,2
BRDA:53,114,0,1
BRDA:63,115,0,1
BRDA:64,116,0,1
BRDA:64,117,0,1
BRDA:66,118,0,0
BRDA:66,119,0,8
BRDA:85,120,0,3
BRDA:87,121,0,3
BRDA:88,122,0,2
BRDA:89,123,0,1
BRDA:93,124,0,1
BRDA:95,125,0,1
BRDA:96,126,0,1
BRDA:97,127,0,0
BRDA:101,128,0,1
BRDA:108,129,0,1
BRDA:109,130,0,0
BRDA:118,131,0,1
BRDA:128,132,0,1
BRDA:129,133,0,0
BRDA:137,134,0,1
BRDA:143,135,0,1
BRDA:157,136,0,1
BRDA:165,137,0,1
BRDA:166,138,0,1
BRDA:167,139,0,0
BRDA:176,140,0,1
BRDA:184,141,0,1
BRDA:185,142,0,1
BRDA:186,143,0,0
BRDA:190,144,0,1
BRDA:198,145,0,1
BRDA:199,146,0,1
BRDA:200,147,0,0
BRDA:204,148,0,1
BRDA:212,149,0,1
BRDA:213,150,0,1
BRDA:214,151,0,0
BRDA:220,152,0,1
BRDA:227,153,0,1
BRDA:237,154,0,1
BRDA:246,155,0,1
BRF:156
BRH:115
end_of_record
TN:
SF:src\utils\cookie.ts
FN:1,getCookie
FN:12,setCookie
FN:44,deleteCookie
FNF:3
FNH:3
FNDA:3,getCookie
FNDA:5,setCookie
FNDA:1,deleteCookie
DA:1,1
DA:2,3
DA:3,3
DA:4,3
DA:5,3
DA:6,3
DA:7,3
DA:8,3
DA:9,3
DA:10,3
DA:11,1
DA:12,1
DA:13,5
DA:14,5
DA:15,5
DA:16,5
DA:17,5
DA:18,5
DA:19,5
DA:20,5
DA:21,5
DA:22,5
DA:23,5
DA:24,2
DA:25,2
DA:26,2
DA:27,2
DA:28,5
DA:29,5
DA:30,3
DA:31,3
DA:32,5
DA:33,5
DA:34,5
DA:35,9
DA:36,9
DA:37,9
DA:38,8
DA:39,8
DA:40,9
DA:41,5
DA:42,5
DA:43,1
DA:44,1
DA:45,1
DA:46,1
LF:46
LH:46
BRDA:1,0,0,3
BRDA:9,1,0,2
BRDA:9,2,0,1
BRDA:12,3,0,5
BRDA:15,4,0,3
BRDA:15,5,0,3
BRDA:15,6,0,2
BRDA:23,7,0,3
BRDA:23,8,0,2
BRDA:29,9,0,3
BRDA:29,10,0,3
BRDA:34,11,0,9
BRDA:37,12,0,8
BRDA:44,13,0,1
BRF:14
BRH:14
end_of_record
